# JRE version: Java(TM) SE Runtime Environment (21.0.8+12) (build 21.0.8+12-LTS-250)
# Java VM: Java HotSpot(TM) 64-Bit Server VM (21.0.8+12-LTS-250, mixed mode, sharing, tiered, compressed oops, compressed class ptrs, g1 gc, windows-amd64)
GC Precious Log:
 CardTable entry size: 512
 Card Set container configuration: InlinePtr #cards 5 size 8 Array Of Cards #cards 12 size 40 Howl #buckets 4 coarsen threshold 1843 Howl Bitmap #cards 512 size 80 coarsen threshold 460 Card regions per heap region 1 cards per card region 2048
 CPUs: 8 total, 8 available
 Memory: 7930M
 Large Page Support: Disabled
 NUMA Support: Disabled
 Compressed Oops: Enabled (32-bit)
 Heap Region Size: 1M
 Heap Min Capacity: 8M
 Heap Initial Capacity: 124M
 Heap Max Capacity: 1984M
 Pre-touch: Disabled
 Parallel Workers: 8
 Concurrent Workers: 2
 Concurrent Refinement Workers: 8
 Periodic GC: Disabled
Heap:
 garbage-first heap   total 84992K, used 70815K [0x0000000084000000, 0x0000000100000000)
  region size 1024K, 31 young (31744K), 3 survivors (3072K)
 Metaspace       used 89009K, committed 89792K, reserved 1179648K
  class space    used 12127K, committed 12480K, reserved 1048576K
GC Heap History (20 events):
Event: 7.045 GC heap before
{Heap before GC invocations=12 (full 0):
 garbage-first heap   total 58368K, used 39133K [0x0000000084000000, 0x0000000100000000)
  region size 1024K, 16 young (16384K), 3 survivors (3072K)
 Metaspace       used 59678K, committed 60288K, reserved 1114112K
  class space    used 7830K, committed 8128K, reserved 1048576K
}
Event: 7.049 GC heap after
{Heap after GC invocations=13 (full 0):
 garbage-first heap   total 58368K, used 28586K [0x0000000084000000, 0x0000000100000000)
  region size 1024K, 3 young (3072K), 3 survivors (3072K)
 Metaspace       used 59678K, committed 60288K, reserved 1114112K
  class space    used 7830K, committed 8128K, reserved 1048576K
}
Event: 7.395 GC heap before
{Heap before GC invocations=14 (full 0):
 garbage-first heap   total 58368K, used 50090K [0x0000000084000000, 0x0000000100000000)
  region size 1024K, 24 young (24576K), 3 survivors (3072K)
 Metaspace       used 61296K, committed 61888K, reserved 1114112K
  class space    used 8089K, committed 8384K, reserved 1048576K
}
Event: 7.398 GC heap after
{Heap after GC invocations=15 (full 0):
 garbage-first heap   total 70656K, used 29042K [0x0000000084000000, 0x0000000100000000)
  region size 1024K, 1 young (1024K), 1 survivors (1024K)
 Metaspace       used 61296K, committed 61888K, reserved 1114112K
  class space    used 8089K, committed 8384K, reserved 1048576K
}
Event: 8.909 GC heap before
{Heap before GC invocations=15 (full 0):
 garbage-first heap   total 70656K, used 61810K [0x0000000084000000, 0x0000000100000000)
  region size 1024K, 34 young (34816K), 1 survivors (1024K)
 Metaspace       used 68543K, committed 69248K, reserved 1114112K
  class space    used 9069K, committed 9408K, reserved 1048576K
}
Event: 8.914 GC heap after
{Heap after GC invocations=16 (full 0):
 garbage-first heap   total 70656K, used 31523K [0x0000000084000000, 0x0000000100000000)
  region size 1024K, 4 young (4096K), 4 survivors (4096K)
 Metaspace       used 68543K, committed 69248K, reserved 1114112K
  class space    used 9069K, committed 9408K, reserved 1048576K
}
Event: 9.426 GC heap before
{Heap before GC invocations=16 (full 0):
 garbage-first heap   total 70656K, used 61219K [0x0000000084000000, 0x0000000100000000)
  region size 1024K, 33 young (33792K), 4 survivors (4096K)
 Metaspace       used 72256K, committed 72960K, reserved 1114112K
  class space    used 9818K, committed 10112K, reserved 1048576K
}
Event: 9.433 GC heap after
{Heap after GC invocations=17 (full 0):
 garbage-first heap   total 70656K, used 33352K [0x0000000084000000, 0x0000000100000000)
  region size 1024K, 5 young (5120K), 5 survivors (5120K)
 Metaspace       used 72256K, committed 72960K, reserved 1114112K
  class space    used 9818K, committed 10112K, reserved 1048576K
}
Event: 9.576 GC heap before
{Heap before GC invocations=17 (full 0):
 garbage-first heap   total 70656K, used 59976K [0x0000000084000000, 0x0000000100000000)
  region size 1024K, 31 young (31744K), 5 survivors (5120K)
 Metaspace       used 72449K, committed 73152K, reserved 1114112K
  class space    used 9859K, committed 10176K, reserved 1048576K
}
Event: 9.582 GC heap after
{Heap after GC invocations=18 (full 0):
 garbage-first heap   total 70656K, used 34722K [0x0000000084000000, 0x0000000100000000)
  region size 1024K, 4 young (4096K), 4 survivors (4096K)
 Metaspace       used 72449K, committed 73152K, reserved 1114112K
  class space    used 9859K, committed 10176K, reserved 1048576K
}
Event: 9.964 GC heap before
{Heap before GC invocations=19 (full 0):
 garbage-first heap   total 70656K, used 61346K [0x0000000084000000, 0x0000000100000000)
  region size 1024K, 30 young (30720K), 4 survivors (4096K)
 Metaspace       used 75363K, committed 76032K, reserved 1179648K
  class space    used 10267K, committed 10560K, reserved 1048576K
}
Event: 9.969 GC heap after
{Heap after GC invocations=20 (full 0):
 garbage-first heap   total 70656K, used 36374K [0x0000000084000000, 0x0000000100000000)
  region size 1024K, 3 young (3072K), 3 survivors (3072K)
 Metaspace       used 75363K, committed 76032K, reserved 1179648K
  class space    used 10267K, committed 10560K, reserved 1048576K
}
Event: 10.153 GC heap before
{Heap before GC invocations=20 (full 0):
 garbage-first heap   total 70656K, used 62998K [0x0000000084000000, 0x0000000100000000)
  region size 1024K, 29 young (29696K), 3 survivors (3072K)
 Metaspace       used 75516K, committed 76224K, reserved 1179648K
  class space    used 10285K, committed 10624K, reserved 1048576K
}
Event: 10.158 GC heap after
{Heap after GC invocations=21 (full 0):
 garbage-first heap   total 70656K, used 36757K [0x0000000084000000, 0x0000000100000000)
  region size 1024K, 3 young (3072K), 3 survivors (3072K)
 Metaspace       used 75516K, committed 76224K, reserved 1179648K
  class space    used 10285K, committed 10624K, reserved 1048576K
}
Event: 10.472 GC heap before
{Heap before GC invocations=21 (full 0):
 garbage-first heap   total 70656K, used 62357K [0x0000000084000000, 0x0000000100000000)
  region size 1024K, 28 young (28672K), 3 survivors (3072K)
 Metaspace       used 77049K, committed 77760K, reserved 1179648K
  class space    used 10426K, committed 10752K, reserved 1048576K
}
Event: 10.476 GC heap after
{Heap after GC invocations=22 (full 0):
 garbage-first heap   total 84992K, used 37890K [0x0000000084000000, 0x0000000100000000)
  region size 1024K, 2 young (2048K), 2 survivors (2048K)
 Metaspace       used 77049K, committed 77760K, reserved 1179648K
  class space    used 10426K, committed 10752K, reserved 1048576K
}
Event: 11.177 GC heap before
{Heap before GC invocations=23 (full 0):
 garbage-first heap   total 84992K, used 75778K [0x0000000084000000, 0x0000000100000000)
  region size 1024K, 39 young (39936K), 2 survivors (2048K)
 Metaspace       used 80576K, committed 81280K, reserved 1179648K
  class space    used 10933K, committed 11264K, reserved 1048576K
}
Event: 11.183 GC heap after
{Heap after GC invocations=24 (full 0):
 garbage-first heap   total 84992K, used 40991K [0x0000000084000000, 0x0000000100000000)
  region size 1024K, 5 young (5120K), 5 survivors (5120K)
 Metaspace       used 80576K, committed 81280K, reserved 1179648K
  class space    used 10933K, committed 11264K, reserved 1048576K
}
Event: 20.027 GC heap before
{Heap before GC invocations=24 (full 0):
 garbage-first heap   total 84992K, used 73759K [0x0000000084000000, 0x0000000100000000)
  region size 1024K, 37 young (37888K), 5 survivors (5120K)
 Metaspace       used 85809K, committed 86656K, reserved 1179648K
  class space    used 11670K, committed 12032K, reserved 1048576K
}
Event: 20.038 GC heap after
{Heap after GC invocations=25 (full 0):
 garbage-first heap   total 84992K, used 43167K [0x0000000084000000, 0x0000000100000000)
  region size 1024K, 3 young (3072K), 3 survivors (3072K)
 Metaspace       used 85809K, committed 86656K, reserved 1179648K
  class space    used 11670K, committed 12032K, reserved 1048576K
}

