# JRE version: OpenJDK Runtime Environment JBR-21.0.7+9-895.130-jcef (21.0.7+9) (build 21.0.7+9-b895.130)
# Java VM: OpenJDK 64-Bit Server VM JBR-21.0.7+9-895.130-jcef (21.0.7+9-b895.130, mixed mode, sharing, tiered, compressed oops, compressed class ptrs, g1 gc, windows-amd64)
GC Precious Log:
 CardTable entry size: 512
 Card Set container configuration: InlinePtr #cards 5 size 8 Array Of Cards #cards 12 size 40 Howl #buckets 4 coarsen threshold 1843 Howl Bitmap #cards 512 size 80 coarsen threshold 460 Card regions per heap region 1 cards per card region 2048
 CPUs: 12 total, 12 available
 Memory: 7528M
 Large Page Support: Disabled
 NUMA Support: Disabled
 Compressed Oops: Enabled (32-bit)
 Heap Region Size: 1M
 Heap Min Capacity: 128M
 Heap Initial Capacity: 128M
 Heap Max Capacity: 2G
 Pre-touch: Disabled
 Parallel Workers: 10
 Concurrent Workers: 3
 Concurrent Refinement Workers: 10
 Periodic GC: Disabled
Heap:
 garbage-first heap   total 131072K, used 17134K [0x0000000080000000, 0x0000000100000000)
  region size 1024K, 6 young (6144K), 0 survivors (0K)
 Metaspace       used 17725K, committed 18240K, reserved 1114112K
  class space    used 1995K, committed 2240K, reserved 1048576K
GC Heap History (6 events):
Event: 2.099 GC heap before
{Heap before GC invocations=0 (full 0):
 garbage-first heap   total 131072K, used 27648K [0x0000000080000000, 0x0000000100000000)
  region size 1024K, 23 young (23552K), 0 survivors (0K)
 Metaspace       used 8029K, committed 8384K, reserved 1114112K
  class space    used 1009K, committed 1152K, reserved 1048576K
}
Event: 2.116 GC heap after
{Heap after GC invocations=1 (full 0):
 garbage-first heap   total 131072K, used 9161K [0x0000000080000000, 0x0000000100000000)
  region size 1024K, 3 young (3072K), 3 survivors (3072K)
 Metaspace       used 8029K, committed 8384K, reserved 1114112K
  class space    used 1009K, committed 1152K, reserved 1048576K
}
Event: 1724.925 GC heap before
{Heap before GC invocations=1 (full 0):
 garbage-first heap   total 131072K, used 35785K [0x0000000080000000, 0x0000000100000000)
  region size 1024K, 30 young (30720K), 3 survivors (3072K)
 Metaspace       used 17687K, committed 18176K, reserved 1114112K
  class space    used 2008K, committed 2240K, reserved 1048576K
}
Event: 1725.041 GC heap after
{Heap after GC invocations=2 (full 0):
 garbage-first heap   total 131072K, used 12517K [0x0000000080000000, 0x0000000100000000)
  region size 1024K, 4 young (4096K), 4 survivors (4096K)
 Metaspace       used 17687K, committed 18176K, reserved 1114112K
  class space    used 2008K, committed 2240K, reserved 1048576K
}
Event: 4234.724 GC heap before
{Heap before GC invocations=2 (full 0):
 garbage-first heap   total 131072K, used 15589K [0x0000000080000000, 0x0000000100000000)
  region size 1024K, 8 young (8192K), 4 survivors (4096K)
 Metaspace       used 17776K, committed 18240K, reserved 1114112K
  class space    used 2008K, committed 2240K, reserved 1048576K
}
Event: 4235.146 GC heap after
{Heap after GC invocations=3 (full 1):
 garbage-first heap   total 131072K, used 12014K [0x0000000080000000, 0x0000000100000000)
  region size 1024K, 0 young (0K), 0 survivors (0K)
 Metaspace       used 17723K, committed 18240K, reserved 1114112K
  class space    used 1995K, committed 2240K, reserved 1048576K
}

