# JRE version: OpenJDK Runtime Environment Temurin-21.0.8+9 (21.0.8+9) (build 21.0.8+9-LTS)
# Java VM: OpenJDK 64-Bit Server VM Temurin-21.0.8+9 (21.0.8+9-LTS, mixed mode, sharing, tiered, compressed oops, compressed class ptrs, parallel gc, windows-amd64)
GC Precious Log:
 CardTable entry size: 512
 CPUs: 12 total, 12 available
 Memory: 7528M
 Large Page Support: Disabled
 NUMA Support: Disabled
 Compressed Oops: Enabled (32-bit)
 Alignments: Space 512K, Generation 512K, Heap 2M
 Heap Min Capacity: 100M
 Heap Initial Capacity: 100M
 Heap Max Capacity: 2G
 Pre-touch: Disabled
 Parallel Workers: 10
Heap:
 PSYoungGen      total 23040K, used 6172K [0x00000000d5580000, 0x00000000d6d00000, 0x0000000100000000)
  eden space 22016K, 25% used [0x00000000d5580000,0x00000000d5aff998,0x00000000d6b00000)
  from space 1024K, 52% used [0x00000000d6c00000,0x00000000d6c87718,0x00000000d6d00000)
  to   space 1024K, 0% used [0x00000000d6b00000,0x00000000d6b00000,0x00000000d6c00000)
 ParOldGen       total 259072K, used 259011K [0x0000000080000000, 0x000000008fd00000, 0x00000000d5580000)
  object space 259072K, 99% used [0x0000000080000000,0x000000008fcf0e70,0x000000008fd00000)
 Metaspace       used 68396K, committed 70016K, reserved 1114112K
  class space    used 7795K, committed 8512K, reserved 1048576K
GC Heap History (20 events):
Event: 38.929 GC heap before
{Heap before GC invocations=319 (full 3):
 PSYoungGen      total 23040K, used 22630K [0x00000000d5580000, 0x00000000d6d00000, 0x0000000100000000)
  eden space 22016K, 100% used [0x00000000d5580000,0x00000000d6b00000,0x00000000d6b00000)
  from space 1024K, 60% used [0x00000000d6b00000,0x00000000d6b99bb8,0x00000000d6c00000)
  to   space 1024K, 0% used [0x00000000d6c00000,0x00000000d6c00000,0x00000000d6d00000)
 ParOldGen       total 255488K, used 255302K [0x0000000080000000, 0x000000008f980000, 0x00000000d5580000)
  object space 255488K, 99% used [0x0000000080000000,0x000000008f9519b8,0x000000008f980000)
 Metaspace       used 68368K, committed 69952K, reserved 1114112K
  class space    used 7793K, committed 8512K, reserved 1048576K
}
Event: 38.933 GC heap after
{Heap after GC invocations=319 (full 3):
 PSYoungGen      total 23040K, used 722K [0x00000000d5580000, 0x00000000d6d00000, 0x0000000100000000)
  eden space 22016K, 0% used [0x00000000d5580000,0x00000000d5580000,0x00000000d6b00000)
  from space 1024K, 70% used [0x00000000d6c00000,0x00000000d6cb4800,0x00000000d6d00000)
  to   space 1024K, 0% used [0x00000000d6b00000,0x00000000d6b00000,0x00000000d6c00000)
 ParOldGen       total 256000K, used 255611K [0x0000000080000000, 0x000000008fa00000, 0x00000000d5580000)
  object space 256000K, 99% used [0x0000000080000000,0x000000008f99eda8,0x000000008fa00000)
 Metaspace       used 68368K, committed 69952K, reserved 1114112K
  class space    used 7793K, committed 8512K, reserved 1048576K
}
Event: 38.956 GC heap before
{Heap before GC invocations=320 (full 3):
 PSYoungGen      total 23040K, used 22738K [0x00000000d5580000, 0x00000000d6d00000, 0x0000000100000000)
  eden space 22016K, 100% used [0x00000000d5580000,0x00000000d6b00000,0x00000000d6b00000)
  from space 1024K, 70% used [0x00000000d6c00000,0x00000000d6cb4800,0x00000000d6d00000)
  to   space 1024K, 0% used [0x00000000d6b00000,0x00000000d6b00000,0x00000000d6c00000)
 ParOldGen       total 256000K, used 255611K [0x0000000080000000, 0x000000008fa00000, 0x00000000d5580000)
  object space 256000K, 99% used [0x0000000080000000,0x000000008f99eda8,0x000000008fa00000)
 Metaspace       used 68368K, committed 69952K, reserved 1114112K
  class space    used 7793K, committed 8512K, reserved 1048576K
}
Event: 38.959 GC heap after
{Heap after GC invocations=320 (full 3):
 PSYoungGen      total 23040K, used 480K [0x00000000d5580000, 0x00000000d6d00000, 0x0000000100000000)
  eden space 22016K, 0% used [0x00000000d5580000,0x00000000d5580000,0x00000000d6b00000)
  from space 1024K, 46% used [0x00000000d6b00000,0x00000000d6b78000,0x00000000d6c00000)
  to   space 1024K, 0% used [0x00000000d6c00000,0x00000000d6c00000,0x00000000d6d00000)
 ParOldGen       total 256512K, used 256165K [0x0000000080000000, 0x000000008fa80000, 0x00000000d5580000)
  object space 256512K, 99% used [0x0000000080000000,0x000000008fa295a8,0x000000008fa80000)
 Metaspace       used 68368K, committed 69952K, reserved 1114112K
  class space    used 7793K, committed 8512K, reserved 1048576K
}
Event: 38.984 GC heap before
{Heap before GC invocations=321 (full 3):
 PSYoungGen      total 23040K, used 22496K [0x00000000d5580000, 0x00000000d6d00000, 0x0000000100000000)
  eden space 22016K, 100% used [0x00000000d5580000,0x00000000d6b00000,0x00000000d6b00000)
  from space 1024K, 46% used [0x00000000d6b00000,0x00000000d6b78000,0x00000000d6c00000)
  to   space 1024K, 0% used [0x00000000d6c00000,0x00000000d6c00000,0x00000000d6d00000)
 ParOldGen       total 256512K, used 256165K [0x0000000080000000, 0x000000008fa80000, 0x00000000d5580000)
  object space 256512K, 99% used [0x0000000080000000,0x000000008fa295a8,0x000000008fa80000)
 Metaspace       used 68372K, committed 69952K, reserved 1114112K
  class space    used 7793K, committed 8512K, reserved 1048576K
}
Event: 38.987 GC heap after
{Heap after GC invocations=321 (full 3):
 PSYoungGen      total 23040K, used 512K [0x00000000d5580000, 0x00000000d6d00000, 0x0000000100000000)
  eden space 22016K, 0% used [0x00000000d5580000,0x00000000d5580000,0x00000000d6b00000)
  from space 1024K, 50% used [0x00000000d6c00000,0x00000000d6c80000,0x00000000d6d00000)
  to   space 1024K, 0% used [0x00000000d6b00000,0x00000000d6b00000,0x00000000d6c00000)
 ParOldGen       total 256512K, used 256429K [0x0000000080000000, 0x000000008fa80000, 0x00000000d5580000)
  object space 256512K, 99% used [0x0000000080000000,0x000000008fa6b5a8,0x000000008fa80000)
 Metaspace       used 68372K, committed 69952K, reserved 1114112K
  class space    used 7793K, committed 8512K, reserved 1048576K
}
Event: 39.039 GC heap before
{Heap before GC invocations=322 (full 3):
 PSYoungGen      total 23040K, used 22528K [0x00000000d5580000, 0x00000000d6d00000, 0x0000000100000000)
  eden space 22016K, 100% used [0x00000000d5580000,0x00000000d6b00000,0x00000000d6b00000)
  from space 1024K, 50% used [0x00000000d6c00000,0x00000000d6c80000,0x00000000d6d00000)
  to   space 1024K, 0% used [0x00000000d6b00000,0x00000000d6b00000,0x00000000d6c00000)
 ParOldGen       total 256512K, used 256429K [0x0000000080000000, 0x000000008fa80000, 0x00000000d5580000)
  object space 256512K, 99% used [0x0000000080000000,0x000000008fa6b5a8,0x000000008fa80000)
 Metaspace       used 68372K, committed 69952K, reserved 1114112K
  class space    used 7793K, committed 8512K, reserved 1048576K
}
Event: 39.042 GC heap after
{Heap after GC invocations=322 (full 3):
 PSYoungGen      total 23040K, used 608K [0x00000000d5580000, 0x00000000d6d00000, 0x0000000100000000)
  eden space 22016K, 0% used [0x00000000d5580000,0x00000000d5580000,0x00000000d6b00000)
  from space 1024K, 59% used [0x00000000d6b00000,0x00000000d6b98000,0x00000000d6c00000)
  to   space 1024K, 0% used [0x00000000d6c00000,0x00000000d6c00000,0x00000000d6d00000)
 ParOldGen       total 257024K, used 256709K [0x0000000080000000, 0x000000008fb00000, 0x00000000d5580000)
  object space 257024K, 99% used [0x0000000080000000,0x000000008fab15a8,0x000000008fb00000)
 Metaspace       used 68372K, committed 69952K, reserved 1114112K
  class space    used 7793K, committed 8512K, reserved 1048576K
}
Event: 39.077 GC heap before
{Heap before GC invocations=323 (full 3):
 PSYoungGen      total 23040K, used 22624K [0x00000000d5580000, 0x00000000d6d00000, 0x0000000100000000)
  eden space 22016K, 100% used [0x00000000d5580000,0x00000000d6b00000,0x00000000d6b00000)
  from space 1024K, 59% used [0x00000000d6b00000,0x00000000d6b98000,0x00000000d6c00000)
  to   space 1024K, 0% used [0x00000000d6c00000,0x00000000d6c00000,0x00000000d6d00000)
 ParOldGen       total 257024K, used 256709K [0x0000000080000000, 0x000000008fb00000, 0x00000000d5580000)
  object space 257024K, 99% used [0x0000000080000000,0x000000008fab15a8,0x000000008fb00000)
 Metaspace       used 68379K, committed 70016K, reserved 1114112K
  class space    used 7795K, committed 8512K, reserved 1048576K
}
Event: 39.081 GC heap after
{Heap after GC invocations=323 (full 3):
 PSYoungGen      total 23040K, used 544K [0x00000000d5580000, 0x00000000d6d00000, 0x0000000100000000)
  eden space 22016K, 0% used [0x00000000d5580000,0x00000000d5580000,0x00000000d6b00000)
  from space 1024K, 53% used [0x00000000d6c00000,0x00000000d6c88000,0x00000000d6d00000)
  to   space 1024K, 0% used [0x00000000d6b00000,0x00000000d6b00000,0x00000000d6c00000)
 ParOldGen       total 257536K, used 257061K [0x0000000080000000, 0x000000008fb80000, 0x00000000d5580000)
  object space 257536K, 99% used [0x0000000080000000,0x000000008fb095a8,0x000000008fb80000)
 Metaspace       used 68379K, committed 70016K, reserved 1114112K
  class space    used 7795K, committed 8512K, reserved 1048576K
}
Event: 39.107 GC heap before
{Heap before GC invocations=324 (full 3):
 PSYoungGen      total 23040K, used 22560K [0x00000000d5580000, 0x00000000d6d00000, 0x0000000100000000)
  eden space 22016K, 100% used [0x00000000d5580000,0x00000000d6b00000,0x00000000d6b00000)
  from space 1024K, 53% used [0x00000000d6c00000,0x00000000d6c88000,0x00000000d6d00000)
  to   space 1024K, 0% used [0x00000000d6b00000,0x00000000d6b00000,0x00000000d6c00000)
 ParOldGen       total 257536K, used 257061K [0x0000000080000000, 0x000000008fb80000, 0x00000000d5580000)
  object space 257536K, 99% used [0x0000000080000000,0x000000008fb095a8,0x000000008fb80000)
 Metaspace       used 68379K, committed 70016K, reserved 1114112K
  class space    used 7795K, committed 8512K, reserved 1048576K
}
Event: 39.111 GC heap after
{Heap after GC invocations=324 (full 3):
 PSYoungGen      total 23040K, used 553K [0x00000000d5580000, 0x00000000d6d00000, 0x0000000100000000)
  eden space 22016K, 0% used [0x00000000d5580000,0x00000000d5580000,0x00000000d6b00000)
  from space 1024K, 54% used [0x00000000d6b00000,0x00000000d6b8a400,0x00000000d6c00000)
  to   space 1024K, 0% used [0x00000000d6c00000,0x00000000d6c00000,0x00000000d6d00000)
 ParOldGen       total 257536K, used 257403K [0x0000000080000000, 0x000000008fb80000, 0x00000000d5580000)
  object space 257536K, 99% used [0x0000000080000000,0x000000008fb5ee58,0x000000008fb80000)
 Metaspace       used 68379K, committed 70016K, reserved 1114112K
  class space    used 7795K, committed 8512K, reserved 1048576K
}
Event: 39.137 GC heap before
{Heap before GC invocations=325 (full 3):
 PSYoungGen      total 23040K, used 22569K [0x00000000d5580000, 0x00000000d6d00000, 0x0000000100000000)
  eden space 22016K, 100% used [0x00000000d5580000,0x00000000d6b00000,0x00000000d6b00000)
  from space 1024K, 54% used [0x00000000d6b00000,0x00000000d6b8a400,0x00000000d6c00000)
  to   space 1024K, 0% used [0x00000000d6c00000,0x00000000d6c00000,0x00000000d6d00000)
 ParOldGen       total 257536K, used 257403K [0x0000000080000000, 0x000000008fb80000, 0x00000000d5580000)
  object space 257536K, 99% used [0x0000000080000000,0x000000008fb5ee58,0x000000008fb80000)
 Metaspace       used 68379K, committed 70016K, reserved 1114112K
  class space    used 7795K, committed 8512K, reserved 1048576K
}
Event: 39.145 GC heap after
{Heap after GC invocations=325 (full 3):
 PSYoungGen      total 23040K, used 617K [0x00000000d5580000, 0x00000000d6d00000, 0x0000000100000000)
  eden space 22016K, 0% used [0x00000000d5580000,0x00000000d5580000,0x00000000d6b00000)
  from space 1024K, 60% used [0x00000000d6c00000,0x00000000d6c9a400,0x00000000d6d00000)
  to   space 1024K, 0% used [0x00000000d6b00000,0x00000000d6b00000,0x00000000d6c00000)
 ParOldGen       total 258048K, used 257748K [0x0000000080000000, 0x000000008fc00000, 0x00000000d5580000)
  object space 258048K, 99% used [0x0000000080000000,0x000000008fbb5258,0x000000008fc00000)
 Metaspace       used 68379K, committed 70016K, reserved 1114112K
  class space    used 7795K, committed 8512K, reserved 1048576K
}
Event: 39.170 GC heap before
{Heap before GC invocations=326 (full 3):
 PSYoungGen      total 23040K, used 22633K [0x00000000d5580000, 0x00000000d6d00000, 0x0000000100000000)
  eden space 22016K, 100% used [0x00000000d5580000,0x00000000d6b00000,0x00000000d6b00000)
  from space 1024K, 60% used [0x00000000d6c00000,0x00000000d6c9a400,0x00000000d6d00000)
  to   space 1024K, 0% used [0x00000000d6b00000,0x00000000d6b00000,0x00000000d6c00000)
 ParOldGen       total 258048K, used 257748K [0x0000000080000000, 0x000000008fc00000, 0x00000000d5580000)
  object space 258048K, 99% used [0x0000000080000000,0x000000008fbb5258,0x000000008fc00000)
 Metaspace       used 68382K, committed 70016K, reserved 1114112K
  class space    used 7795K, committed 8512K, reserved 1048576K
}
Event: 39.173 GC heap after
{Heap after GC invocations=326 (full 3):
 PSYoungGen      total 23040K, used 480K [0x00000000d5580000, 0x00000000d6d00000, 0x0000000100000000)
  eden space 22016K, 0% used [0x00000000d5580000,0x00000000d5580000,0x00000000d6b00000)
  from space 1024K, 46% used [0x00000000d6b00000,0x00000000d6b78000,0x00000000d6c00000)
  to   space 1024K, 0% used [0x00000000d6c00000,0x00000000d6c00000,0x00000000d6d00000)
 ParOldGen       total 258560K, used 258139K [0x0000000080000000, 0x000000008fc80000, 0x00000000d5580000)
  object space 258560K, 99% used [0x0000000080000000,0x000000008fc16e50,0x000000008fc80000)
 Metaspace       used 68382K, committed 70016K, reserved 1114112K
  class space    used 7795K, committed 8512K, reserved 1048576K
}
Event: 39.203 GC heap before
{Heap before GC invocations=327 (full 3):
 PSYoungGen      total 23040K, used 22496K [0x00000000d5580000, 0x00000000d6d00000, 0x0000000100000000)
  eden space 22016K, 100% used [0x00000000d5580000,0x00000000d6b00000,0x00000000d6b00000)
  from space 1024K, 46% used [0x00000000d6b00000,0x00000000d6b78000,0x00000000d6c00000)
  to   space 1024K, 0% used [0x00000000d6c00000,0x00000000d6c00000,0x00000000d6d00000)
 ParOldGen       total 258560K, used 258139K [0x0000000080000000, 0x000000008fc80000, 0x00000000d5580000)
  object space 258560K, 99% used [0x0000000080000000,0x000000008fc16e50,0x000000008fc80000)
 Metaspace       used 68382K, committed 70016K, reserved 1114112K
  class space    used 7795K, committed 8512K, reserved 1048576K
}
Event: 39.206 GC heap after
{Heap after GC invocations=327 (full 3):
 PSYoungGen      total 22528K, used 448K [0x00000000d5580000, 0x00000000d6c80000, 0x0000000100000000)
  eden space 22016K, 0% used [0x00000000d5580000,0x00000000d5580000,0x00000000d6b00000)
  from space 512K, 87% used [0x00000000d6c00000,0x00000000d6c70000,0x00000000d6c80000)
  to   space 512K, 0% used [0x00000000d6b80000,0x00000000d6b80000,0x00000000d6c00000)
 ParOldGen       total 258560K, used 258355K [0x0000000080000000, 0x000000008fc80000, 0x00000000d5580000)
  object space 258560K, 99% used [0x0000000080000000,0x000000008fc4ce50,0x000000008fc80000)
 Metaspace       used 68382K, committed 70016K, reserved 1114112K
  class space    used 7795K, committed 8512K, reserved 1048576K
}
Event: 39.240 GC heap before
{Heap before GC invocations=328 (full 3):
 PSYoungGen      total 22528K, used 22464K [0x00000000d5580000, 0x00000000d6c80000, 0x0000000100000000)
  eden space 22016K, 100% used [0x00000000d5580000,0x00000000d6b00000,0x00000000d6b00000)
  from space 512K, 87% used [0x00000000d6c00000,0x00000000d6c70000,0x00000000d6c80000)
  to   space 512K, 0% used [0x00000000d6b80000,0x00000000d6b80000,0x00000000d6c00000)
 ParOldGen       total 258560K, used 258355K [0x0000000080000000, 0x000000008fc80000, 0x00000000d5580000)
  object space 258560K, 99% used [0x0000000080000000,0x000000008fc4ce50,0x000000008fc80000)
 Metaspace       used 68386K, committed 70016K, reserved 1114112K
  class space    used 7795K, committed 8512K, reserved 1048576K
}
Event: 39.244 GC heap after
{Heap after GC invocations=328 (full 3):
 PSYoungGen      total 22528K, used 512K [0x00000000d5580000, 0x00000000d6d00000, 0x0000000100000000)
  eden space 22016K, 0% used [0x00000000d5580000,0x00000000d5580000,0x00000000d6b00000)
  from space 512K, 100% used [0x00000000d6b80000,0x00000000d6c00000,0x00000000d6c00000)
  to   space 1024K, 0% used [0x00000000d6c00000,0x00000000d6c00000,0x00000000d6d00000)
 ParOldGen       total 259072K, used 258643K [0x0000000080000000, 0x000000008fd00000, 0x00000000d5580000)
  object space 259072K, 99% used [0x0000000080000000,0x000000008fc94e70,0x000000008fd00000)
 Metaspace       used 68386K, committed 70016K, reserved 1114112K
  class space    used 7795K, committed 8512K, reserved 1048576K
}

