# JRE version: Java(TM) SE Runtime Environment (21.0.8+12) (build 21.0.8+12-LTS-250)
# Java VM: Java HotSpot(TM) 64-Bit Server VM (21.0.8+12-LTS-250, mixed mode, emulated-client, sharing, tiered, compressed oops, compressed class ptrs, g1 gc, windows-amd64)
GC Precious Log:
 CardTable entry size: 512
 Card Set container configuration: InlinePtr #cards 5 size 8 Array Of Cards #cards 12 size 40 Howl #buckets 4 coarsen threshold 1843 Howl Bitmap #cards 512 size 80 coarsen threshold 460 Card regions per heap region 1 cards per card region 2048
 CPUs: 12 total, 12 available
 Memory: 7528M
 Large Page Support: Disabled
 NUMA Support: Disabled
 Compressed Oops: Enabled (32-bit)
 Heap Region Size: 1M
 Heap Min Capacity: 8M
 Heap Initial Capacity: 118M
 Heap Max Capacity: 1884M
 Pre-touch: Disabled
 Parallel Workers: 10
 Concurrent Workers: 3
 Concurrent Refinement Workers: 10
 Periodic GC: Disabled
Heap:
 garbage-first heap   total 115712K, used 80618K [0x000000008a400000, 0x0000000100000000)
  region size 1024K, 41 young (41984K), 5 survivors (5120K)
 Metaspace       used 39150K, committed 39808K, reserved 1114112K
  class space    used 5264K, committed 5568K, reserved 1048576K
GC Heap History (18 events):
Event: 1.014 GC heap before
{Heap before GC invocations=0 (full 0):
 garbage-first heap   total 120832K, used 28672K [0x000000008a400000, 0x0000000100000000)
  region size 1024K, 23 young (23552K), 0 survivors (0K)
 Metaspace       used 3000K, committed 3136K, reserved 1114112K
  class space    used 332K, committed 384K, reserved 1048576K
}
Event: 1.035 GC heap after
{Heap after GC invocations=1 (full 0):
 garbage-first heap   total 120832K, used 17408K [0x000000008a400000, 0x0000000100000000)
  region size 1024K, 3 young (3072K), 3 survivors (3072K)
 Metaspace       used 3000K, committed 3136K, reserved 1114112K
  class space    used 332K, committed 384K, reserved 1048576K
}
Event: 1.790 GC heap before
{Heap before GC invocations=1 (full 0):
 garbage-first heap   total 120832K, used 32768K [0x000000008a400000, 0x0000000100000000)
  region size 1024K, 19 young (19456K), 3 survivors (3072K)
 Metaspace       used 8101K, committed 8448K, reserved 1114112K
  class space    used 1015K, committed 1152K, reserved 1048576K
}
Event: 1.797 GC heap after
{Heap after GC invocations=2 (full 0):
 garbage-first heap   total 120832K, used 19465K [0x000000008a400000, 0x0000000100000000)
  region size 1024K, 2 young (2048K), 2 survivors (2048K)
 Metaspace       used 8101K, committed 8448K, reserved 1114112K
  class space    used 1015K, committed 1152K, reserved 1048576K
}
Event: 3.290 GC heap before
{Heap before GC invocations=2 (full 0):
 garbage-first heap   total 120832K, used 57353K [0x000000008a400000, 0x0000000100000000)
  region size 1024K, 38 young (38912K), 2 survivors (2048K)
 Metaspace       used 11942K, committed 12416K, reserved 1114112K
  class space    used 1627K, committed 1856K, reserved 1048576K
}
Event: 3.296 GC heap after
{Heap after GC invocations=3 (full 0):
 garbage-first heap   total 120832K, used 20926K [0x000000008a400000, 0x0000000100000000)
  region size 1024K, 4 young (4096K), 4 survivors (4096K)
 Metaspace       used 11942K, committed 12416K, reserved 1114112K
  class space    used 1627K, committed 1856K, reserved 1048576K
}
Event: 4.089 GC heap before
{Heap before GC invocations=3 (full 0):
 garbage-first heap   total 120832K, used 69054K [0x000000008a400000, 0x0000000100000000)
  region size 1024K, 53 young (54272K), 4 survivors (4096K)
 Metaspace       used 21107K, committed 21504K, reserved 1114112K
  class space    used 2876K, committed 3072K, reserved 1048576K
}
Event: 4.098 GC heap after
{Heap after GC invocations=4 (full 0):
 garbage-first heap   total 120832K, used 24803K [0x000000008a400000, 0x0000000100000000)
  region size 1024K, 7 young (7168K), 7 survivors (7168K)
 Metaspace       used 21107K, committed 21504K, reserved 1114112K
  class space    used 2876K, committed 3072K, reserved 1048576K
}
Event: 4.896 GC heap before
{Heap before GC invocations=5 (full 0):
 garbage-first heap   total 89088K, used 69859K [0x000000008a400000, 0x0000000100000000)
  region size 1024K, 52 young (53248K), 7 survivors (7168K)
 Metaspace       used 25245K, committed 25792K, reserved 1114112K
  class space    used 3446K, committed 3712K, reserved 1048576K
}
Event: 4.908 GC heap after
{Heap after GC invocations=6 (full 0):
 garbage-first heap   total 89088K, used 29582K [0x000000008a400000, 0x0000000100000000)
  region size 1024K, 6 young (6144K), 6 survivors (6144K)
 Metaspace       used 25245K, committed 25792K, reserved 1114112K
  class space    used 3446K, committed 3712K, reserved 1048576K
}
Event: 5.745 GC heap before
{Heap before GC invocations=6 (full 0):
 garbage-first heap   total 89088K, used 67470K [0x000000008a400000, 0x0000000100000000)
  region size 1024K, 44 young (45056K), 6 survivors (6144K)
 Metaspace       used 29072K, committed 29568K, reserved 1114112K
  class space    used 3942K, committed 4160K, reserved 1048576K
}
Event: 5.754 GC heap after
{Heap after GC invocations=7 (full 0):
 garbage-first heap   total 89088K, used 31592K [0x000000008a400000, 0x0000000100000000)
  region size 1024K, 3 young (3072K), 3 survivors (3072K)
 Metaspace       used 29072K, committed 29568K, reserved 1114112K
  class space    used 3942K, committed 4160K, reserved 1048576K
}
Event: 6.563 GC heap before
{Heap before GC invocations=7 (full 0):
 garbage-first heap   total 89088K, used 72552K [0x000000008a400000, 0x0000000100000000)
  region size 1024K, 43 young (44032K), 3 survivors (3072K)
 Metaspace       used 33771K, committed 34432K, reserved 1114112K
  class space    used 4688K, committed 4992K, reserved 1048576K
}
Event: 6.570 GC heap after
{Heap after GC invocations=8 (full 0):
 garbage-first heap   total 89088K, used 34816K [0x000000008a400000, 0x0000000100000000)
  region size 1024K, 6 young (6144K), 6 survivors (6144K)
 Metaspace       used 33771K, committed 34432K, reserved 1114112K
  class space    used 4688K, committed 4992K, reserved 1048576K
}
Event: 6.734 GC heap before
{Heap before GC invocations=8 (full 0):
 garbage-first heap   total 89088K, used 45056K [0x000000008a400000, 0x0000000100000000)
  region size 1024K, 17 young (17408K), 6 survivors (6144K)
 Metaspace       used 35417K, committed 35968K, reserved 1114112K
  class space    used 4841K, committed 5120K, reserved 1048576K
}
Event: 6.740 GC heap after
{Heap after GC invocations=9 (full 0):
 garbage-first heap   total 89088K, used 36325K [0x000000008a400000, 0x0000000100000000)
  region size 1024K, 2 young (2048K), 2 survivors (2048K)
 Metaspace       used 35417K, committed 35968K, reserved 1114112K
  class space    used 4841K, committed 5120K, reserved 1048576K
}
Event: 6.958 GC heap before
{Heap before GC invocations=10 (full 0):
 garbage-first heap   total 89088K, used 86501K [0x000000008a400000, 0x0000000100000000)
  region size 1024K, 40 young (40960K), 2 survivors (2048K)
 Metaspace       used 36033K, committed 36672K, reserved 1114112K
  class space    used 4908K, committed 5248K, reserved 1048576K
}
Event: 6.968 GC heap after
{Heap after GC invocations=11 (full 0):
 garbage-first heap   total 115712K, used 42730K [0x000000008a400000, 0x0000000100000000)
  region size 1024K, 5 young (5120K), 5 survivors (5120K)
 Metaspace       used 36033K, committed 36672K, reserved 1114112K
  class space    used 4908K, committed 5248K, reserved 1048576K
}

