# JRE version: OpenJDK Runtime Environment Temurin-21.0.8+9 (21.0.8+9) (build 21.0.8+9-LTS)
# Java VM: OpenJDK 64-Bit Server VM Temurin-21.0.8+9 (21.0.8+9-LTS, mixed mode, sharing, tiered, compressed oops, compressed class ptrs, parallel gc, windows-amd64)
GC Precious Log:
 CardTable entry size: 512
 CPUs: 12 total, 12 available
 Memory: 7528M
 Large Page Support: Disabled
 NUMA Support: Disabled
 Compressed Oops: Enabled (32-bit)
 Alignments: Space 512K, Generation 512K, Heap 2M
 Heap Min Capacity: 100M
 Heap Initial Capacity: 100M
 Heap Max Capacity: 2G
 Pre-touch: Disabled
 Parallel Workers: 10
Heap:
 PSYoungGen      total 24064K, used 5657K [0x00000000d5580000, 0x00000000d6f00000, 0x0000000100000000)
  eden space 22016K, 18% used [0x00000000d5580000,0x00000000d598e7f0,0x00000000d6b00000)
  from space 2048K, 73% used [0x00000000d6d00000,0x00000000d6e78000,0x00000000d6f00000)
  to   space 2048K, 0% used [0x00000000d6b00000,0x00000000d6b00000,0x00000000d6d00000)
 ParOldGen       total 68608K, used 25540K [0x0000000080000000, 0x0000000084300000, 0x00000000d5580000)
  object space 68608K, 37% used [0x0000000080000000,0x00000000818f10e0,0x0000000084300000)
 Metaspace       used 42960K, committed 44096K, reserved 1114112K
  class space    used 4615K, committed 5120K, reserved 1048576K
GC Heap History (20 events):
Event: 9.323 GC heap before
{Heap before GC invocations=11 (full 1):
 PSYoungGen      total 26112K, used 26010K [0x00000000d5580000, 0x00000000d7380000, 0x0000000100000000)
  eden space 23552K, 99% used [0x00000000d5580000,0x00000000d6c7fa78,0x00000000d6c80000)
  from space 2560K, 96% used [0x00000000d6f00000,0x00000000d7167048,0x00000000d7180000)
  to   space 2048K, 0% used [0x00000000d7180000,0x00000000d7180000,0x00000000d7380000)
 ParOldGen       total 68608K, used 13792K [0x0000000080000000, 0x0000000084300000, 0x00000000d5580000)
  object space 68608K, 20% used [0x0000000080000000,0x0000000080d78140,0x0000000084300000)
 Metaspace       used 27846K, committed 28672K, reserved 1114112K
  class space    used 2719K, committed 3072K, reserved 1048576K
}
Event: 9.328 GC heap after
{Heap after GC invocations=11 (full 1):
 PSYoungGen      total 25088K, used 2042K [0x00000000d5580000, 0x00000000d7380000, 0x0000000100000000)
  eden space 23040K, 0% used [0x00000000d5580000,0x00000000d5580000,0x00000000d6c00000)
  from space 2048K, 99% used [0x00000000d7180000,0x00000000d737e950,0x00000000d7380000)
  to   space 2560K, 0% used [0x00000000d6e80000,0x00000000d6e80000,0x00000000d7100000)
 ParOldGen       total 68608K, used 15729K [0x0000000080000000, 0x0000000084300000, 0x00000000d5580000)
  object space 68608K, 22% used [0x0000000080000000,0x0000000080f5c4a0,0x0000000084300000)
 Metaspace       used 27846K, committed 28672K, reserved 1114112K
  class space    used 2719K, committed 3072K, reserved 1048576K
}
Event: 9.722 GC heap before
{Heap before GC invocations=12 (full 1):
 PSYoungGen      total 25088K, used 25082K [0x00000000d5580000, 0x00000000d7380000, 0x0000000100000000)
  eden space 23040K, 100% used [0x00000000d5580000,0x00000000d6c00000,0x00000000d6c00000)
  from space 2048K, 99% used [0x00000000d7180000,0x00000000d737e950,0x00000000d7380000)
  to   space 2560K, 0% used [0x00000000d6e80000,0x00000000d6e80000,0x00000000d7100000)
 ParOldGen       total 68608K, used 15729K [0x0000000080000000, 0x0000000084300000, 0x00000000d5580000)
  object space 68608K, 22% used [0x0000000080000000,0x0000000080f5c4a0,0x0000000084300000)
 Metaspace       used 31454K, committed 32448K, reserved 1114112K
  class space    used 3160K, committed 3584K, reserved 1048576K
}
Event: 9.727 GC heap after
{Heap after GC invocations=12 (full 1):
 PSYoungGen      total 24064K, used 1196K [0x00000000d5580000, 0x00000000d7200000, 0x0000000100000000)
  eden space 22528K, 0% used [0x00000000d5580000,0x00000000d5580000,0x00000000d6b80000)
  from space 1536K, 77% used [0x00000000d6e80000,0x00000000d6fab0a8,0x00000000d7000000)
  to   space 1536K, 0% used [0x00000000d7080000,0x00000000d7080000,0x00000000d7200000)
 ParOldGen       total 68608K, used 17543K [0x0000000080000000, 0x0000000084300000, 0x00000000d5580000)
  object space 68608K, 25% used [0x0000000080000000,0x0000000081121f30,0x0000000084300000)
 Metaspace       used 31454K, committed 32448K, reserved 1114112K
  class space    used 3160K, committed 3584K, reserved 1048576K
}
Event: 9.963 GC heap before
{Heap before GC invocations=13 (full 1):
 PSYoungGen      total 24064K, used 23719K [0x00000000d5580000, 0x00000000d7200000, 0x0000000100000000)
  eden space 22528K, 99% used [0x00000000d5580000,0x00000000d6b7eeb8,0x00000000d6b80000)
  from space 1536K, 77% used [0x00000000d6e80000,0x00000000d6fab0a8,0x00000000d7000000)
  to   space 1536K, 0% used [0x00000000d7080000,0x00000000d7080000,0x00000000d7200000)
 ParOldGen       total 68608K, used 17543K [0x0000000080000000, 0x0000000084300000, 0x00000000d5580000)
  object space 68608K, 25% used [0x0000000080000000,0x0000000081121f30,0x0000000084300000)
 Metaspace       used 34121K, committed 35200K, reserved 1114112K
  class space    used 3494K, committed 3968K, reserved 1048576K
}
Event: 9.967 GC heap after
{Heap after GC invocations=13 (full 1):
 PSYoungGen      total 23552K, used 1516K [0x00000000d5580000, 0x00000000d7200000, 0x0000000100000000)
  eden space 22016K, 0% used [0x00000000d5580000,0x00000000d5580000,0x00000000d6b00000)
  from space 1536K, 98% used [0x00000000d7080000,0x00000000d71fb380,0x00000000d7200000)
  to   space 3072K, 0% used [0x00000000d6c00000,0x00000000d6c00000,0x00000000d6f00000)
 ParOldGen       total 68608K, used 18758K [0x0000000080000000, 0x0000000084300000, 0x00000000d5580000)
  object space 68608K, 27% used [0x0000000080000000,0x0000000081251a80,0x0000000084300000)
 Metaspace       used 34121K, committed 35200K, reserved 1114112K
  class space    used 3494K, committed 3968K, reserved 1048576K
}
Event: 10.027 GC heap before
{Heap before GC invocations=14 (full 1):
 PSYoungGen      total 23552K, used 7290K [0x00000000d5580000, 0x00000000d7200000, 0x0000000100000000)
  eden space 22016K, 26% used [0x00000000d5580000,0x00000000d5b23778,0x00000000d6b00000)
  from space 1536K, 98% used [0x00000000d7080000,0x00000000d71fb380,0x00000000d7200000)
  to   space 3072K, 0% used [0x00000000d6c00000,0x00000000d6c00000,0x00000000d6f00000)
 ParOldGen       total 68608K, used 18758K [0x0000000080000000, 0x0000000084300000, 0x00000000d5580000)
  object space 68608K, 27% used [0x0000000080000000,0x0000000081251a80,0x0000000084300000)
 Metaspace       used 34783K, committed 35840K, reserved 1114112K
  class space    used 3590K, committed 4032K, reserved 1048576K
}
Event: 10.030 GC heap after
{Heap after GC invocations=14 (full 1):
 PSYoungGen      total 25088K, used 800K [0x00000000d5580000, 0x00000000d7100000, 0x0000000100000000)
  eden space 22016K, 0% used [0x00000000d5580000,0x00000000d5580000,0x00000000d6b00000)
  from space 3072K, 26% used [0x00000000d6c00000,0x00000000d6cc8000,0x00000000d6f00000)
  to   space 1536K, 0% used [0x00000000d6f80000,0x00000000d6f80000,0x00000000d7100000)
 ParOldGen       total 68608K, used 20215K [0x0000000080000000, 0x0000000084300000, 0x00000000d5580000)
  object space 68608K, 29% used [0x0000000080000000,0x00000000813bdcc8,0x0000000084300000)
 Metaspace       used 34783K, committed 35840K, reserved 1114112K
  class space    used 3590K, committed 4032K, reserved 1048576K
}
Event: 10.030 GC heap before
{Heap before GC invocations=15 (full 2):
 PSYoungGen      total 25088K, used 800K [0x00000000d5580000, 0x00000000d7100000, 0x0000000100000000)
  eden space 22016K, 0% used [0x00000000d5580000,0x00000000d5580000,0x00000000d6b00000)
  from space 3072K, 26% used [0x00000000d6c00000,0x00000000d6cc8000,0x00000000d6f00000)
  to   space 1536K, 0% used [0x00000000d6f80000,0x00000000d6f80000,0x00000000d7100000)
 ParOldGen       total 68608K, used 20215K [0x0000000080000000, 0x0000000084300000, 0x00000000d5580000)
  object space 68608K, 29% used [0x0000000080000000,0x00000000813bdcc8,0x0000000084300000)
 Metaspace       used 34783K, committed 35840K, reserved 1114112K
  class space    used 3590K, committed 4032K, reserved 1048576K
}
Event: 10.101 GC heap after
{Heap after GC invocations=15 (full 2):
 PSYoungGen      total 25088K, used 0K [0x00000000d5580000, 0x00000000d7100000, 0x0000000100000000)
  eden space 22016K, 0% used [0x00000000d5580000,0x00000000d5580000,0x00000000d6b00000)
  from space 3072K, 0% used [0x00000000d6c00000,0x00000000d6c00000,0x00000000d6f00000)
  to   space 1536K, 0% used [0x00000000d6f80000,0x00000000d6f80000,0x00000000d7100000)
 ParOldGen       total 68608K, used 20211K [0x0000000080000000, 0x0000000084300000, 0x00000000d5580000)
  object space 68608K, 29% used [0x0000000080000000,0x00000000813bceb0,0x0000000084300000)
 Metaspace       used 34760K, committed 35840K, reserved 1114112K
  class space    used 3583K, committed 4032K, reserved 1048576K
}
Event: 10.393 GC heap before
{Heap before GC invocations=16 (full 2):
 PSYoungGen      total 25088K, used 22016K [0x00000000d5580000, 0x00000000d7100000, 0x0000000100000000)
  eden space 22016K, 100% used [0x00000000d5580000,0x00000000d6b00000,0x00000000d6b00000)
  from space 3072K, 0% used [0x00000000d6c00000,0x00000000d6c00000,0x00000000d6f00000)
  to   space 1536K, 0% used [0x00000000d6f80000,0x00000000d6f80000,0x00000000d7100000)
 ParOldGen       total 68608K, used 20211K [0x0000000080000000, 0x0000000084300000, 0x00000000d5580000)
  object space 68608K, 29% used [0x0000000080000000,0x00000000813bceb0,0x0000000084300000)
 Metaspace       used 36106K, committed 37184K, reserved 1114112K
  class space    used 3775K, committed 4224K, reserved 1048576K
}
Event: 10.396 GC heap after
{Heap after GC invocations=16 (full 2):
 PSYoungGen      total 23552K, used 1517K [0x00000000d5580000, 0x00000000d7100000, 0x0000000100000000)
  eden space 22016K, 0% used [0x00000000d5580000,0x00000000d5580000,0x00000000d6b00000)
  from space 1536K, 98% used [0x00000000d6f80000,0x00000000d70fb670,0x00000000d7100000)
  to   space 2560K, 0% used [0x00000000d6c00000,0x00000000d6c00000,0x00000000d6e80000)
 ParOldGen       total 68608K, used 20595K [0x0000000080000000, 0x0000000084300000, 0x00000000d5580000)
  object space 68608K, 30% used [0x0000000080000000,0x000000008141ced0,0x0000000084300000)
 Metaspace       used 36106K, committed 37184K, reserved 1114112K
  class space    used 3775K, committed 4224K, reserved 1048576K
}
Event: 10.671 GC heap before
{Heap before GC invocations=17 (full 2):
 PSYoungGen      total 23552K, used 23533K [0x00000000d5580000, 0x00000000d7100000, 0x0000000100000000)
  eden space 22016K, 100% used [0x00000000d5580000,0x00000000d6b00000,0x00000000d6b00000)
  from space 1536K, 98% used [0x00000000d6f80000,0x00000000d70fb670,0x00000000d7100000)
  to   space 2560K, 0% used [0x00000000d6c00000,0x00000000d6c00000,0x00000000d6e80000)
 ParOldGen       total 68608K, used 20595K [0x0000000080000000, 0x0000000084300000, 0x00000000d5580000)
  object space 68608K, 30% used [0x0000000080000000,0x000000008141ced0,0x0000000084300000)
 Metaspace       used 37377K, committed 38528K, reserved 1114112K
  class space    used 3915K, committed 4416K, reserved 1048576K
}
Event: 10.675 GC heap after
{Heap after GC invocations=17 (full 2):
 PSYoungGen      total 24576K, used 1247K [0x00000000d5580000, 0x00000000d7000000, 0x0000000100000000)
  eden space 22016K, 0% used [0x00000000d5580000,0x00000000d5580000,0x00000000d6b00000)
  from space 2560K, 48% used [0x00000000d6c00000,0x00000000d6d37c88,0x00000000d6e80000)
  to   space 1536K, 0% used [0x00000000d6e80000,0x00000000d6e80000,0x00000000d7000000)
 ParOldGen       total 68608K, used 22041K [0x0000000080000000, 0x0000000084300000, 0x00000000d5580000)
  object space 68608K, 32% used [0x0000000080000000,0x0000000081586530,0x0000000084300000)
 Metaspace       used 37377K, committed 38528K, reserved 1114112K
  class space    used 3915K, committed 4416K, reserved 1048576K
}
Event: 10.804 GC heap before
{Heap before GC invocations=18 (full 2):
 PSYoungGen      total 24576K, used 23263K [0x00000000d5580000, 0x00000000d7000000, 0x0000000100000000)
  eden space 22016K, 100% used [0x00000000d5580000,0x00000000d6b00000,0x00000000d6b00000)
  from space 2560K, 48% used [0x00000000d6c00000,0x00000000d6d37c88,0x00000000d6e80000)
  to   space 1536K, 0% used [0x00000000d6e80000,0x00000000d6e80000,0x00000000d7000000)
 ParOldGen       total 68608K, used 22041K [0x0000000080000000, 0x0000000084300000, 0x00000000d5580000)
  object space 68608K, 32% used [0x0000000080000000,0x0000000081586530,0x0000000084300000)
 Metaspace       used 37813K, committed 38976K, reserved 1114112K
  class space    used 3963K, committed 4480K, reserved 1048576K
}
Event: 10.807 GC heap after
{Heap after GC invocations=18 (full 2):
 PSYoungGen      total 23552K, used 1535K [0x00000000d5580000, 0x00000000d7100000, 0x0000000100000000)
  eden space 22016K, 0% used [0x00000000d5580000,0x00000000d5580000,0x00000000d6b00000)
  from space 1536K, 99% used [0x00000000d6e80000,0x00000000d6fffc80,0x00000000d7000000)
  to   space 3072K, 0% used [0x00000000d6b00000,0x00000000d6b00000,0x00000000d6e00000)
 ParOldGen       total 68608K, used 23200K [0x0000000080000000, 0x0000000084300000, 0x00000000d5580000)
  object space 68608K, 33% used [0x0000000080000000,0x00000000816a81d8,0x0000000084300000)
 Metaspace       used 37813K, committed 38976K, reserved 1114112K
  class space    used 3963K, committed 4480K, reserved 1048576K
}
Event: 11.256 GC heap before
{Heap before GC invocations=19 (full 2):
 PSYoungGen      total 23552K, used 23551K [0x00000000d5580000, 0x00000000d7100000, 0x0000000100000000)
  eden space 22016K, 100% used [0x00000000d5580000,0x00000000d6b00000,0x00000000d6b00000)
  from space 1536K, 99% used [0x00000000d6e80000,0x00000000d6fffc80,0x00000000d7000000)
  to   space 3072K, 0% used [0x00000000d6b00000,0x00000000d6b00000,0x00000000d6e00000)
 ParOldGen       total 68608K, used 23200K [0x0000000080000000, 0x0000000084300000, 0x00000000d5580000)
  object space 68608K, 33% used [0x0000000080000000,0x00000000816a81d8,0x0000000084300000)
 Metaspace       used 39866K, committed 41024K, reserved 1114112K
  class space    used 4219K, committed 4736K, reserved 1048576K
}
Event: 11.260 GC heap after
{Heap after GC invocations=19 (full 2):
 PSYoungGen      total 23552K, used 1092K [0x00000000d5580000, 0x00000000d6f00000, 0x0000000100000000)
  eden space 22016K, 0% used [0x00000000d5580000,0x00000000d5580000,0x00000000d6b00000)
  from space 1536K, 71% used [0x00000000d6b00000,0x00000000d6c11278,0x00000000d6c80000)
  to   space 2048K, 0% used [0x00000000d6d00000,0x00000000d6d00000,0x00000000d6f00000)
 ParOldGen       total 68608K, used 24679K [0x0000000080000000, 0x0000000084300000, 0x00000000d5580000)
  object space 68608K, 35% used [0x0000000080000000,0x0000000081819e58,0x0000000084300000)
 Metaspace       used 39866K, committed 41024K, reserved 1114112K
  class space    used 4219K, committed 4736K, reserved 1048576K
}
Event: 11.980 GC heap before
{Heap before GC invocations=20 (full 2):
 PSYoungGen      total 23552K, used 23108K [0x00000000d5580000, 0x00000000d6f00000, 0x0000000100000000)
  eden space 22016K, 100% used [0x00000000d5580000,0x00000000d6b00000,0x00000000d6b00000)
  from space 1536K, 71% used [0x00000000d6b00000,0x00000000d6c11278,0x00000000d6c80000)
  to   space 2048K, 0% used [0x00000000d6d00000,0x00000000d6d00000,0x00000000d6f00000)
 ParOldGen       total 68608K, used 24679K [0x0000000080000000, 0x0000000084300000, 0x00000000d5580000)
  object space 68608K, 35% used [0x0000000080000000,0x0000000081819e58,0x0000000084300000)
 Metaspace       used 42532K, committed 43712K, reserved 1114112K
  class space    used 4554K, committed 5056K, reserved 1048576K
}
Event: 11.985 GC heap after
{Heap after GC invocations=20 (full 2):
 PSYoungGen      total 24064K, used 1504K [0x00000000d5580000, 0x00000000d6f00000, 0x0000000100000000)
  eden space 22016K, 0% used [0x00000000d5580000,0x00000000d5580000,0x00000000d6b00000)
  from space 2048K, 73% used [0x00000000d6d00000,0x00000000d6e78000,0x00000000d6f00000)
  to   space 2048K, 0% used [0x00000000d6b00000,0x00000000d6b00000,0x00000000d6d00000)
 ParOldGen       total 68608K, used 25540K [0x0000000080000000, 0x0000000084300000, 0x00000000d5580000)
  object space 68608K, 37% used [0x0000000080000000,0x00000000818f10e0,0x0000000084300000)
 Metaspace       used 42532K, committed 43712K, reserved 1114112K
  class space    used 4554K, committed 5056K, reserved 1048576K
}

