# JRE version: OpenJDK Runtime Environment Temurin-21.0.9+10 (21.0.9+10) (build 21.0.9+10-LTS)
# Java VM: OpenJDK 64-Bit Server VM Temurin-21.0.9+10 (21.0.9+10-LTS, mixed mode, sharing, tiered, compressed oops, compressed class ptrs, parallel gc, windows-amd64)
GC Precious Log:
 CardTable entry size: 512
 CPUs: 12 total, 12 available
 Memory: 7528M
 Large Page Support: Disabled
 NUMA Support: Disabled
 Compressed Oops: Enabled (32-bit)
 Alignments: Space 512K, Generation 512K, Heap 2M
 Heap Min Capacity: 100M
 Heap Initial Capacity: 100M
 Heap Max Capacity: 2G
 Pre-touch: Disabled
 Parallel Workers: 10
Heap:
 PSYoungGen      total 9728K, used 1019K [0x00000000d5580000, 0x00000000d6000000, 0x0000000100000000)
  eden space 8704K, 3% used [0x00000000d5580000,0x00000000d55c8b70,0x00000000d5e00000)
  from space 1024K, 71% used [0x00000000d5f00000,0x00000000d5fb6410,0x00000000d6000000)
  to   space 1024K, 0% used [0x00000000d5e00000,0x00000000d5e00000,0x00000000d5f00000)
 ParOldGen       total 292864K, used 292659K [0x0000000080000000, 0x0000000091e00000, 0x00000000d5580000)
  object space 292864K, 99% used [0x0000000080000000,0x0000000091dccc50,0x0000000091e00000)
 Metaspace       used 97712K, committed 99392K, reserved 1179648K
  class space    used 10194K, committed 11008K, reserved 1048576K
GC Heap History (20 events):
Event: 25876.637 GC heap before
{Heap before GC invocations=4482 (full 18):
 PSYoungGen      total 2048K, used 1632K [0x00000000d5580000, 0x00000000d6000000, 0x0000000100000000)
  eden space 1024K, 100% used [0x00000000d5580000,0x00000000d5680000,0x00000000d5680000)
  from space 1024K, 59% used [0x00000000d5f00000,0x00000000d5f98000,0x00000000d6000000)
  to   space 1536K, 0% used [0x00000000d5d00000,0x00000000d5d00000,0x00000000d5e80000)
 ParOldGen       total 282112K, used 282070K [0x0000000080000000, 0x0000000091380000, 0x00000000d5580000)
  object space 282112K, 99% used [0x0000000080000000,0x00000000913759b0,0x0000000091380000)
 Metaspace       used 97712K, committed 99392K, reserved 1179648K
  class space    used 10194K, committed 11008K, reserved 1048576K
}
Event: 25876.640 GC heap after
{Heap after GC invocations=4482 (full 18):
 PSYoungGen      total 3072K, used 1120K [0x00000000d5580000, 0x00000000d5f80000, 0x0000000100000000)
  eden space 1536K, 0% used [0x00000000d5580000,0x00000000d5580000,0x00000000d5700000)
  from space 1536K, 72% used [0x00000000d5d00000,0x00000000d5e18000,0x00000000d5e80000)
  to   space 1024K, 0% used [0x00000000d5e80000,0x00000000d5e80000,0x00000000d5f80000)
 ParOldGen       total 282624K, used 282574K [0x0000000080000000, 0x0000000091400000, 0x00000000d5580000)
  object space 282624K, 99% used [0x0000000080000000,0x00000000913f39b0,0x0000000091400000)
 Metaspace       used 97712K, committed 99392K, reserved 1179648K
  class space    used 10194K, committed 11008K, reserved 1048576K
}
Event: 25876.644 GC heap before
{Heap before GC invocations=4483 (full 18):
 PSYoungGen      total 3072K, used 2656K [0x00000000d5580000, 0x00000000d5f80000, 0x0000000100000000)
  eden space 1536K, 100% used [0x00000000d5580000,0x00000000d5700000,0x00000000d5700000)
  from space 1536K, 72% used [0x00000000d5d00000,0x00000000d5e18000,0x00000000d5e80000)
  to   space 1024K, 0% used [0x00000000d5e80000,0x00000000d5e80000,0x00000000d5f80000)
 ParOldGen       total 282624K, used 282574K [0x0000000080000000, 0x0000000091400000, 0x00000000d5580000)
  object space 282624K, 99% used [0x0000000080000000,0x00000000913f39b0,0x0000000091400000)
 Metaspace       used 97712K, committed 99392K, reserved 1179648K
  class space    used 10194K, committed 11008K, reserved 1048576K
}
Event: 25876.647 GC heap after
{Heap after GC invocations=4483 (full 18):
 PSYoungGen      total 3072K, used 1024K [0x00000000d5580000, 0x00000000d5f80000, 0x0000000100000000)
  eden space 2048K, 0% used [0x00000000d5580000,0x00000000d5580000,0x00000000d5780000)
  from space 1024K, 100% used [0x00000000d5e80000,0x00000000d5f80000,0x00000000d5f80000)
  to   space 3072K, 0% used [0x00000000d5980000,0x00000000d5980000,0x00000000d5c80000)
 ParOldGen       total 284160K, used 284078K [0x0000000080000000, 0x0000000091580000, 0x00000000d5580000)
  object space 284160K, 99% used [0x0000000080000000,0x000000009156b9b0,0x0000000091580000)
 Metaspace       used 97712K, committed 99392K, reserved 1179648K
  class space    used 10194K, committed 11008K, reserved 1048576K
}
Event: 25876.653 GC heap before
{Heap before GC invocations=4484 (full 18):
 PSYoungGen      total 3072K, used 3072K [0x00000000d5580000, 0x00000000d5f80000, 0x0000000100000000)
  eden space 2048K, 100% used [0x00000000d5580000,0x00000000d5780000,0x00000000d5780000)
  from space 1024K, 100% used [0x00000000d5e80000,0x00000000d5f80000,0x00000000d5f80000)
  to   space 3072K, 0% used [0x00000000d5980000,0x00000000d5980000,0x00000000d5c80000)
 ParOldGen       total 284160K, used 284078K [0x0000000080000000, 0x0000000091580000, 0x00000000d5580000)
  object space 284160K, 99% used [0x0000000080000000,0x000000009156b9b0,0x0000000091580000)
 Metaspace       used 97712K, committed 99392K, reserved 1179648K
  class space    used 10194K, committed 11008K, reserved 1048576K
}
Event: 25876.657 GC heap after
{Heap after GC invocations=4484 (full 18):
 PSYoungGen      total 5632K, used 1880K [0x00000000d5580000, 0x00000000d5f00000, 0x0000000100000000)
  eden space 2560K, 0% used [0x00000000d5580000,0x00000000d5580000,0x00000000d5800000)
  from space 3072K, 61% used [0x00000000d5980000,0x00000000d5b56000,0x00000000d5c80000)
  to   space 2560K, 0% used [0x00000000d5c80000,0x00000000d5c80000,0x00000000d5f00000)
 ParOldGen       total 285184K, used 285158K [0x0000000080000000, 0x0000000091680000, 0x00000000d5580000)
  object space 285184K, 99% used [0x0000000080000000,0x00000000916799b0,0x0000000091680000)
 Metaspace       used 97712K, committed 99392K, reserved 1179648K
  class space    used 10194K, committed 11008K, reserved 1048576K
}
Event: 25876.673 GC heap before
{Heap before GC invocations=4485 (full 18):
 PSYoungGen      total 5632K, used 4440K [0x00000000d5580000, 0x00000000d5f00000, 0x0000000100000000)
  eden space 2560K, 100% used [0x00000000d5580000,0x00000000d5800000,0x00000000d5800000)
  from space 3072K, 61% used [0x00000000d5980000,0x00000000d5b56000,0x00000000d5c80000)
  to   space 2560K, 0% used [0x00000000d5c80000,0x00000000d5c80000,0x00000000d5f00000)
 ParOldGen       total 285184K, used 285158K [0x0000000080000000, 0x0000000091680000, 0x00000000d5580000)
  object space 285184K, 99% used [0x0000000080000000,0x00000000916799b0,0x0000000091680000)
 Metaspace       used 97712K, committed 99392K, reserved 1179648K
  class space    used 10194K, committed 11008K, reserved 1048576K
}
Event: 25876.677 GC heap after
{Heap after GC invocations=4485 (full 18):
 PSYoungGen      total 5632K, used 2112K [0x00000000d5580000, 0x00000000d5f00000, 0x0000000100000000)
  eden space 3072K, 0% used [0x00000000d5580000,0x00000000d5580000,0x00000000d5880000)
  from space 2560K, 82% used [0x00000000d5c80000,0x00000000d5e90000,0x00000000d5f00000)
  to   space 2560K, 0% used [0x00000000d5a00000,0x00000000d5a00000,0x00000000d5c80000)
 ParOldGen       total 286720K, used 286654K [0x0000000080000000, 0x0000000091800000, 0x00000000d5580000)
  object space 286720K, 99% used [0x0000000080000000,0x00000000917ef9b0,0x0000000091800000)
 Metaspace       used 97712K, committed 99392K, reserved 1179648K
  class space    used 10194K, committed 11008K, reserved 1048576K
}
Event: 25876.757 GC heap before
{Heap before GC invocations=4486 (full 18):
 PSYoungGen      total 5632K, used 5184K [0x00000000d5580000, 0x00000000d5f00000, 0x0000000100000000)
  eden space 3072K, 100% used [0x00000000d5580000,0x00000000d5880000,0x00000000d5880000)
  from space 2560K, 82% used [0x00000000d5c80000,0x00000000d5e90000,0x00000000d5f00000)
  to   space 2560K, 0% used [0x00000000d5a00000,0x00000000d5a00000,0x00000000d5c80000)
 ParOldGen       total 286720K, used 286654K [0x0000000080000000, 0x0000000091800000, 0x00000000d5580000)
  object space 286720K, 99% used [0x0000000080000000,0x00000000917ef9b0,0x0000000091800000)
 Metaspace       used 97712K, committed 99392K, reserved 1179648K
  class space    used 10194K, committed 11008K, reserved 1048576K
}
Event: 25876.766 GC heap after
{Heap after GC invocations=4486 (full 18):
 PSYoungGen      total 6656K, used 2560K [0x00000000d5580000, 0x00000000d6280000, 0x0000000100000000)
  eden space 4096K, 0% used [0x00000000d5580000,0x00000000d5580000,0x00000000d5980000)
  from space 2560K, 100% used [0x00000000d5a00000,0x00000000d5c80000,0x00000000d5c80000)
  to   space 4608K, 0% used [0x00000000d5e00000,0x00000000d5e00000,0x00000000d6280000)
 ParOldGen       total 288256K, used 288086K [0x0000000080000000, 0x0000000091980000, 0x00000000d5580000)
  object space 288256K, 99% used [0x0000000080000000,0x00000000919559b0,0x0000000091980000)
 Metaspace       used 97712K, committed 99392K, reserved 1179648K
  class space    used 10194K, committed 11008K, reserved 1048576K
}
Event: 25876.944 GC heap before
{Heap before GC invocations=4487 (full 18):
 PSYoungGen      total 6656K, used 6656K [0x00000000d5580000, 0x00000000d6280000, 0x0000000100000000)
  eden space 4096K, 100% used [0x00000000d5580000,0x00000000d5980000,0x00000000d5980000)
  from space 2560K, 100% used [0x00000000d5a00000,0x00000000d5c80000,0x00000000d5c80000)
  to   space 4608K, 0% used [0x00000000d5e00000,0x00000000d5e00000,0x00000000d6280000)
 ParOldGen       total 288256K, used 288086K [0x0000000080000000, 0x0000000091980000, 0x00000000d5580000)
  object space 288256K, 99% used [0x0000000080000000,0x00000000919559b0,0x0000000091980000)
 Metaspace       used 97712K, committed 99392K, reserved 1179648K
  class space    used 10194K, committed 11008K, reserved 1048576K
}
Event: 25876.948 GC heap after
{Heap after GC invocations=4487 (full 18):
 PSYoungGen      total 6144K, used 537K [0x00000000d5580000, 0x00000000d5f00000, 0x0000000100000000)
  eden space 5120K, 0% used [0x00000000d5580000,0x00000000d5580000,0x00000000d5a80000)
  from space 1024K, 52% used [0x00000000d5e00000,0x00000000d5e86410,0x00000000d5f00000)
  to   space 2048K, 0% used [0x00000000d5b00000,0x00000000d5b00000,0x00000000d5d00000)
 ParOldGen       total 291328K, used 290662K [0x0000000080000000, 0x0000000091c80000, 0x00000000d5580000)
  object space 291328K, 99% used [0x0000000080000000,0x0000000091bd99b0,0x0000000091c80000)
 Metaspace       used 97712K, committed 99392K, reserved 1179648K
  class space    used 10194K, committed 11008K, reserved 1048576K
}
Event: 25876.954 GC heap before
{Heap before GC invocations=4488 (full 18):
 PSYoungGen      total 6144K, used 5657K [0x00000000d5580000, 0x00000000d5f00000, 0x0000000100000000)
  eden space 5120K, 100% used [0x00000000d5580000,0x00000000d5a80000,0x00000000d5a80000)
  from space 1024K, 52% used [0x00000000d5e00000,0x00000000d5e86410,0x00000000d5f00000)
  to   space 2048K, 0% used [0x00000000d5b00000,0x00000000d5b00000,0x00000000d5d00000)
 ParOldGen       total 291328K, used 290662K [0x0000000080000000, 0x0000000091c80000, 0x00000000d5580000)
  object space 291328K, 99% used [0x0000000080000000,0x0000000091bd99b0,0x0000000091c80000)
 Metaspace       used 97712K, committed 99392K, reserved 1179648K
  class space    used 10194K, committed 11008K, reserved 1048576K
}
Event: 25876.956 GC heap after
{Heap after GC invocations=4488 (full 18):
 PSYoungGen      total 7680K, used 576K [0x00000000d5580000, 0x00000000d5e80000, 0x0000000100000000)
  eden space 5632K, 0% used [0x00000000d5580000,0x00000000d5580000,0x00000000d5b00000)
  from space 2048K, 28% used [0x00000000d5b00000,0x00000000d5b90000,0x00000000d5d00000)
  to   space 1024K, 0% used [0x00000000d5d80000,0x00000000d5d80000,0x00000000d5e80000)
 ParOldGen       total 291328K, used 291085K [0x0000000080000000, 0x0000000091c80000, 0x00000000d5580000)
  object space 291328K, 99% used [0x0000000080000000,0x0000000091c437f0,0x0000000091c80000)
 Metaspace       used 97712K, committed 99392K, reserved 1179648K
  class space    used 10194K, committed 11008K, reserved 1048576K
}
Event: 25876.965 GC heap before
{Heap before GC invocations=4489 (full 18):
 PSYoungGen      total 7680K, used 6208K [0x00000000d5580000, 0x00000000d5e80000, 0x0000000100000000)
  eden space 5632K, 100% used [0x00000000d5580000,0x00000000d5b00000,0x00000000d5b00000)
  from space 2048K, 28% used [0x00000000d5b00000,0x00000000d5b90000,0x00000000d5d00000)
  to   space 1024K, 0% used [0x00000000d5d80000,0x00000000d5d80000,0x00000000d5e80000)
 ParOldGen       total 291328K, used 291085K [0x0000000080000000, 0x0000000091c80000, 0x00000000d5580000)
  object space 291328K, 99% used [0x0000000080000000,0x0000000091c437f0,0x0000000091c80000)
 Metaspace       used 97712K, committed 99392K, reserved 1179648K
  class space    used 10194K, committed 11008K, reserved 1048576K
}
Event: 25876.967 GC heap after
{Heap after GC invocations=4489 (full 18):
 PSYoungGen      total 8192K, used 905K [0x00000000d5580000, 0x00000000d5e80000, 0x0000000100000000)
  eden space 7168K, 0% used [0x00000000d5580000,0x00000000d5580000,0x00000000d5c80000)
  from space 1024K, 88% used [0x00000000d5d80000,0x00000000d5e62400,0x00000000d5e80000)
  to   space 1024K, 0% used [0x00000000d5c80000,0x00000000d5c80000,0x00000000d5d80000)
 ParOldGen       total 291840K, used 291509K [0x0000000080000000, 0x0000000091d00000, 0x00000000d5580000)
  object space 291840K, 99% used [0x0000000080000000,0x0000000091cad7f0,0x0000000091d00000)
 Metaspace       used 97712K, committed 99392K, reserved 1179648K
  class space    used 10194K, committed 11008K, reserved 1048576K
}
Event: 25876.977 GC heap before
{Heap before GC invocations=4490 (full 18):
 PSYoungGen      total 8192K, used 8073K [0x00000000d5580000, 0x00000000d5e80000, 0x0000000100000000)
  eden space 7168K, 100% used [0x00000000d5580000,0x00000000d5c80000,0x00000000d5c80000)
  from space 1024K, 88% used [0x00000000d5d80000,0x00000000d5e62400,0x00000000d5e80000)
  to   space 1024K, 0% used [0x00000000d5c80000,0x00000000d5c80000,0x00000000d5d80000)
 ParOldGen       total 291840K, used 291509K [0x0000000080000000, 0x0000000091d00000, 0x00000000d5580000)
  object space 291840K, 99% used [0x0000000080000000,0x0000000091cad7f0,0x0000000091d00000)
 Metaspace       used 97712K, committed 99392K, reserved 1179648K
  class space    used 10194K, committed 11008K, reserved 1048576K
}
Event: 25876.979 GC heap after
{Heap after GC invocations=4490 (full 18):
 PSYoungGen      total 8192K, used 681K [0x00000000d5580000, 0x00000000d6000000, 0x0000000100000000)
  eden space 7168K, 0% used [0x00000000d5580000,0x00000000d5580000,0x00000000d5c80000)
  from space 1024K, 66% used [0x00000000d5c80000,0x00000000d5d2a400,0x00000000d5d80000)
  to   space 1024K, 0% used [0x00000000d5f00000,0x00000000d5f00000,0x00000000d6000000)
 ParOldGen       total 292352K, used 292215K [0x0000000080000000, 0x0000000091d80000, 0x00000000d5580000)
  object space 292352K, 99% used [0x0000000080000000,0x0000000091d5dc40,0x0000000091d80000)
 Metaspace       used 97712K, committed 99392K, reserved 1179648K
  class space    used 10194K, committed 11008K, reserved 1048576K
}
Event: 25876.990 GC heap before
{Heap before GC invocations=4491 (full 18):
 PSYoungGen      total 8192K, used 7849K [0x00000000d5580000, 0x00000000d6000000, 0x0000000100000000)
  eden space 7168K, 100% used [0x00000000d5580000,0x00000000d5c80000,0x00000000d5c80000)
  from space 1024K, 66% used [0x00000000d5c80000,0x00000000d5d2a400,0x00000000d5d80000)
  to   space 1024K, 0% used [0x00000000d5f00000,0x00000000d5f00000,0x00000000d6000000)
 ParOldGen       total 292352K, used 292215K [0x0000000080000000, 0x0000000091d80000, 0x00000000d5580000)
  object space 292352K, 99% used [0x0000000080000000,0x0000000091d5dc40,0x0000000091d80000)
 Metaspace       used 97712K, committed 99392K, reserved 1179648K
  class space    used 10194K, committed 11008K, reserved 1048576K
}
Event: 25876.993 GC heap after
{Heap after GC invocations=4491 (full 18):
 PSYoungGen      total 9728K, used 729K [0x00000000d5580000, 0x00000000d6000000, 0x0000000100000000)
  eden space 8704K, 0% used [0x00000000d5580000,0x00000000d5580000,0x00000000d5e00000)
  from space 1024K, 71% used [0x00000000d5f00000,0x00000000d5fb6410,0x00000000d6000000)
  to   space 1024K, 0% used [0x00000000d5e00000,0x00000000d5e00000,0x00000000d5f00000)
 ParOldGen       total 292864K, used 292659K [0x0000000080000000, 0x0000000091e00000, 0x00000000d5580000)
  object space 292864K, 99% used [0x0000000080000000,0x0000000091dccc50,0x0000000091e00000)
 Metaspace       used 97712K, committed 99392K, reserved 1179648K
  class space    used 10194K, committed 11008K, reserved 1048576K
}

