# JRE version: OpenJDK Runtime Environment Temurin-21.0.9+10 (21.0.9+10) (build 21.0.9+10-LTS)
# Java VM: OpenJDK 64-Bit Server VM Temurin-21.0.9+10 (21.0.9+10-LTS, mixed mode, sharing, tiered, compressed oops, compressed class ptrs, parallel gc, windows-amd64)
GC Precious Log:
 CardTable entry size: 512
 CPUs: 12 total, 12 available
 Memory: 7528M
 Large Page Support: Disabled
 NUMA Support: Disabled
 Compressed Oops: Enabled (32-bit)
 Alignments: Space 512K, Generation 512K, Heap 2M
 Heap Min Capacity: 100M
 Heap Initial Capacity: 100M
 Heap Max Capacity: 2G
 Pre-touch: Disabled
 Parallel Workers: 10
Heap:
 PSYoungGen      total 11776K, used 2936K [0x00000000d5580000, 0x00000000d6280000, 0x0000000100000000)
  eden space 10240K, 17% used [0x00000000d5580000,0x00000000d57434d0,0x00000000d5f80000)
  from space 1536K, 73% used [0x00000000d6100000,0x00000000d621aed0,0x00000000d6280000)
  to   space 1536K, 0% used [0x00000000d5f80000,0x00000000d5f80000,0x00000000d6100000)
 ParOldGen       total 1204224K, used 1204105K [0x0000000080000000, 0x00000000c9800000, 0x00000000d5580000)
  object space 1204224K, 99% used [0x0000000080000000,0x00000000c97e2450,0x00000000c9800000)
 Metaspace       used 93979K, committed 95872K, reserved 1179648K
  class space    used 10109K, committed 10944K, reserved 1048576K
GC Heap History (20 events):
Event: 11935.579 GC heap before
{Heap before GC invocations=1368 (full 5):
 PSYoungGen      total 9728K, used 9641K [0x00000000d5580000, 0x00000000d6200000, 0x0000000100000000)
  eden space 9216K, 100% used [0x00000000d5580000,0x00000000d5e80000,0x00000000d5e80000)
  from space 512K, 83% used [0x00000000d6180000,0x00000000d61ea400,0x00000000d6200000)
  to   space 1024K, 0% used [0x00000000d6000000,0x00000000d6000000,0x00000000d6100000)
 ParOldGen       total 1195520K, used 1195393K [0x0000000080000000, 0x00000000c8f80000, 0x00000000d5580000)
  object space 1195520K, 99% used [0x0000000080000000,0x00000000c8f60488,0x00000000c8f80000)
 Metaspace       used 93946K, committed 95744K, reserved 1179648K
  class space    used 10109K, committed 10944K, reserved 1048576K
}
Event: 11935.583 GC heap after
{Heap after GC invocations=1368 (full 5):
 PSYoungGen      total 10240K, used 928K [0x00000000d5580000, 0x00000000d6200000, 0x0000000100000000)
  eden space 9216K, 0% used [0x00000000d5580000,0x00000000d5580000,0x00000000d5e80000)
  from space 1024K, 90% used [0x00000000d6000000,0x00000000d60e8020,0x00000000d6100000)
  to   space 1024K, 0% used [0x00000000d6100000,0x00000000d6100000,0x00000000d6200000)
 ParOldGen       total 1196032K, used 1195582K [0x0000000080000000, 0x00000000c9000000, 0x00000000d5580000)
  object space 1196032K, 99% used [0x0000000080000000,0x00000000c8f8fb18,0x00000000c9000000)
 Metaspace       used 93946K, committed 95744K, reserved 1179648K
  class space    used 10109K, committed 10944K, reserved 1048576K
}
Event: 11935.598 GC heap before
{Heap before GC invocations=1369 (full 5):
 PSYoungGen      total 10240K, used 10144K [0x00000000d5580000, 0x00000000d6200000, 0x0000000100000000)
  eden space 9216K, 100% used [0x00000000d5580000,0x00000000d5e80000,0x00000000d5e80000)
  from space 1024K, 90% used [0x00000000d6000000,0x00000000d60e8020,0x00000000d6100000)
  to   space 1024K, 0% used [0x00000000d6100000,0x00000000d6100000,0x00000000d6200000)
 ParOldGen       total 1196032K, used 1195582K [0x0000000080000000, 0x00000000c9000000, 0x00000000d5580000)
  object space 1196032K, 99% used [0x0000000080000000,0x00000000c8f8fb18,0x00000000c9000000)
 Metaspace       used 93946K, committed 95744K, reserved 1179648K
  class space    used 10109K, committed 10944K, reserved 1048576K
}
Event: 11935.604 GC heap after
{Heap after GC invocations=1369 (full 5):
 PSYoungGen      total 11264K, used 1008K [0x00000000d5580000, 0x00000000d6380000, 0x0000000100000000)
  eden space 10240K, 0% used [0x00000000d5580000,0x00000000d5580000,0x00000000d5f80000)
  from space 1024K, 98% used [0x00000000d6100000,0x00000000d61fc030,0x00000000d6200000)
  to   space 1536K, 0% used [0x00000000d5f80000,0x00000000d5f80000,0x00000000d6100000)
 ParOldGen       total 1196544K, used 1196385K [0x0000000080000000, 0x00000000c9080000, 0x00000000d5580000)
  object space 1196544K, 99% used [0x0000000080000000,0x00000000c9058498,0x00000000c9080000)
 Metaspace       used 93946K, committed 95744K, reserved 1179648K
  class space    used 10109K, committed 10944K, reserved 1048576K
}
Event: 11935.629 GC heap before
{Heap before GC invocations=1370 (full 5):
 PSYoungGen      total 11264K, used 11248K [0x00000000d5580000, 0x00000000d6380000, 0x0000000100000000)
  eden space 10240K, 100% used [0x00000000d5580000,0x00000000d5f80000,0x00000000d5f80000)
  from space 1024K, 98% used [0x00000000d6100000,0x00000000d61fc030,0x00000000d6200000)
  to   space 1536K, 0% used [0x00000000d5f80000,0x00000000d5f80000,0x00000000d6100000)
 ParOldGen       total 1196544K, used 1196385K [0x0000000080000000, 0x00000000c9080000, 0x00000000d5580000)
  object space 1196544K, 99% used [0x0000000080000000,0x00000000c9058498,0x00000000c9080000)
 Metaspace       used 93946K, committed 95744K, reserved 1179648K
  class space    used 10109K, committed 10944K, reserved 1048576K
}
Event: 11935.634 GC heap after
{Heap after GC invocations=1370 (full 5):
 PSYoungGen      total 11776K, used 1065K [0x00000000d5580000, 0x00000000d6280000, 0x0000000100000000)
  eden space 10240K, 0% used [0x00000000d5580000,0x00000000d5580000,0x00000000d5f80000)
  from space 1536K, 69% used [0x00000000d5f80000,0x00000000d608a420,0x00000000d6100000)
  to   space 1536K, 0% used [0x00000000d6100000,0x00000000d6100000,0x00000000d6280000)
 ParOldGen       total 1197568K, used 1197271K [0x0000000080000000, 0x00000000c9180000, 0x00000000d5580000)
  object space 1197568K, 99% used [0x0000000080000000,0x00000000c9135c58,0x00000000c9180000)
 Metaspace       used 93946K, committed 95744K, reserved 1179648K
  class space    used 10109K, committed 10944K, reserved 1048576K
}
Event: 11935.846 GC heap before
{Heap before GC invocations=1371 (full 5):
 PSYoungGen      total 11776K, used 11305K [0x00000000d5580000, 0x00000000d6280000, 0x0000000100000000)
  eden space 10240K, 100% used [0x00000000d5580000,0x00000000d5f80000,0x00000000d5f80000)
  from space 1536K, 69% used [0x00000000d5f80000,0x00000000d608a420,0x00000000d6100000)
  to   space 1536K, 0% used [0x00000000d6100000,0x00000000d6100000,0x00000000d6280000)
 ParOldGen       total 1197568K, used 1197271K [0x0000000080000000, 0x00000000c9180000, 0x00000000d5580000)
  object space 1197568K, 99% used [0x0000000080000000,0x00000000c9135c58,0x00000000c9180000)
 Metaspace       used 93947K, committed 95744K, reserved 1179648K
  class space    used 10109K, committed 10944K, reserved 1048576K
}
Event: 11935.850 GC heap after
{Heap after GC invocations=1371 (full 5):
 PSYoungGen      total 11776K, used 1190K [0x00000000d5580000, 0x00000000d6280000, 0x0000000100000000)
  eden space 10240K, 0% used [0x00000000d5580000,0x00000000d5580000,0x00000000d5f80000)
  from space 1536K, 77% used [0x00000000d6100000,0x00000000d6229870,0x00000000d6280000)
  to   space 1536K, 0% used [0x00000000d5f80000,0x00000000d5f80000,0x00000000d6100000)
 ParOldGen       total 1198592K, used 1198193K [0x0000000080000000, 0x00000000c9280000, 0x00000000d5580000)
  object space 1198592K, 99% used [0x0000000080000000,0x00000000c921c530,0x00000000c9280000)
 Metaspace       used 93947K, committed 95744K, reserved 1179648K
  class space    used 10109K, committed 10944K, reserved 1048576K
}
Event: 11935.873 GC heap before
{Heap before GC invocations=1372 (full 5):
 PSYoungGen      total 11776K, used 11430K [0x00000000d5580000, 0x00000000d6280000, 0x0000000100000000)
  eden space 10240K, 100% used [0x00000000d5580000,0x00000000d5f80000,0x00000000d5f80000)
  from space 1536K, 77% used [0x00000000d6100000,0x00000000d6229870,0x00000000d6280000)
  to   space 1536K, 0% used [0x00000000d5f80000,0x00000000d5f80000,0x00000000d6100000)
 ParOldGen       total 1198592K, used 1198193K [0x0000000080000000, 0x00000000c9280000, 0x00000000d5580000)
  object space 1198592K, 99% used [0x0000000080000000,0x00000000c921c530,0x00000000c9280000)
 Metaspace       used 93947K, committed 95744K, reserved 1179648K
  class space    used 10109K, committed 10944K, reserved 1048576K
}
Event: 11935.879 GC heap after
{Heap after GC invocations=1372 (full 5):
 PSYoungGen      total 11776K, used 1145K [0x00000000d5580000, 0x00000000d6280000, 0x0000000100000000)
  eden space 10240K, 0% used [0x00000000d5580000,0x00000000d5580000,0x00000000d5f80000)
  from space 1536K, 74% used [0x00000000d5f80000,0x00000000d609e430,0x00000000d6100000)
  to   space 1536K, 0% used [0x00000000d6100000,0x00000000d6100000,0x00000000d6280000)
 ParOldGen       total 1199616K, used 1199213K [0x0000000080000000, 0x00000000c9380000, 0x00000000d5580000)
  object space 1199616K, 99% used [0x0000000080000000,0x00000000c931b530,0x00000000c9380000)
 Metaspace       used 93947K, committed 95744K, reserved 1179648K
  class space    used 10109K, committed 10944K, reserved 1048576K
}
Event: 11935.894 GC heap before
{Heap before GC invocations=1373 (full 5):
 PSYoungGen      total 11776K, used 11385K [0x00000000d5580000, 0x00000000d6280000, 0x0000000100000000)
  eden space 10240K, 100% used [0x00000000d5580000,0x00000000d5f80000,0x00000000d5f80000)
  from space 1536K, 74% used [0x00000000d5f80000,0x00000000d609e430,0x00000000d6100000)
  to   space 1536K, 0% used [0x00000000d6100000,0x00000000d6100000,0x00000000d6280000)
 ParOldGen       total 1199616K, used 1199213K [0x0000000080000000, 0x00000000c9380000, 0x00000000d5580000)
  object space 1199616K, 99% used [0x0000000080000000,0x00000000c931b530,0x00000000c9380000)
 Metaspace       used 93947K, committed 95744K, reserved 1179648K
  class space    used 10109K, committed 10944K, reserved 1048576K
}
Event: 11935.898 GC heap after
{Heap after GC invocations=1373 (full 5):
 PSYoungGen      total 11776K, used 1040K [0x00000000d5580000, 0x00000000d6280000, 0x0000000100000000)
  eden space 10240K, 0% used [0x00000000d5580000,0x00000000d5580000,0x00000000d5f80000)
  from space 1536K, 67% used [0x00000000d6100000,0x00000000d6204050,0x00000000d6280000)
  to   space 1536K, 0% used [0x00000000d5f80000,0x00000000d5f80000,0x00000000d6100000)
 ParOldGen       total 1200640K, used 1200206K [0x0000000080000000, 0x00000000c9480000, 0x00000000d5580000)
  object space 1200640K, 99% used [0x0000000080000000,0x00000000c9413980,0x00000000c9480000)
 Metaspace       used 93947K, committed 95744K, reserved 1179648K
  class space    used 10109K, committed 10944K, reserved 1048576K
}
Event: 11935.914 GC heap before
{Heap before GC invocations=1374 (full 5):
 PSYoungGen      total 11776K, used 11280K [0x00000000d5580000, 0x00000000d6280000, 0x0000000100000000)
  eden space 10240K, 100% used [0x00000000d5580000,0x00000000d5f80000,0x00000000d5f80000)
  from space 1536K, 67% used [0x00000000d6100000,0x00000000d6204050,0x00000000d6280000)
  to   space 1536K, 0% used [0x00000000d5f80000,0x00000000d5f80000,0x00000000d6100000)
 ParOldGen       total 1200640K, used 1200206K [0x0000000080000000, 0x00000000c9480000, 0x00000000d5580000)
  object space 1200640K, 99% used [0x0000000080000000,0x00000000c9413980,0x00000000c9480000)
 Metaspace       used 93947K, committed 95744K, reserved 1179648K
  class space    used 10109K, committed 10944K, reserved 1048576K
}
Event: 11935.918 GC heap after
{Heap after GC invocations=1374 (full 5):
 PSYoungGen      total 11776K, used 1152K [0x00000000d5580000, 0x00000000d6280000, 0x0000000100000000)
  eden space 10240K, 0% used [0x00000000d5580000,0x00000000d5580000,0x00000000d5f80000)
  from space 1536K, 75% used [0x00000000d5f80000,0x00000000d60a0040,0x00000000d6100000)
  to   space 1536K, 0% used [0x00000000d6100000,0x00000000d6100000,0x00000000d6280000)
 ParOldGen       total 1201152K, used 1201126K [0x0000000080000000, 0x00000000c9500000, 0x00000000d5580000)
  object space 1201152K, 99% used [0x0000000080000000,0x00000000c94f99e0,0x00000000c9500000)
 Metaspace       used 93947K, committed 95744K, reserved 1179648K
  class space    used 10109K, committed 10944K, reserved 1048576K
}
Event: 11935.946 GC heap before
{Heap before GC invocations=1375 (full 5):
 PSYoungGen      total 11776K, used 11392K [0x00000000d5580000, 0x00000000d6280000, 0x0000000100000000)
  eden space 10240K, 100% used [0x00000000d5580000,0x00000000d5f80000,0x00000000d5f80000)
  from space 1536K, 75% used [0x00000000d5f80000,0x00000000d60a0040,0x00000000d6100000)
  to   space 1536K, 0% used [0x00000000d6100000,0x00000000d6100000,0x00000000d6280000)
 ParOldGen       total 1201152K, used 1201126K [0x0000000080000000, 0x00000000c9500000, 0x00000000d5580000)
  object space 1201152K, 99% used [0x0000000080000000,0x00000000c94f99e0,0x00000000c9500000)
 Metaspace       used 93957K, committed 95744K, reserved 1179648K
  class space    used 10109K, committed 10944K, reserved 1048576K
}
Event: 11935.950 GC heap after
{Heap after GC invocations=1375 (full 5):
 PSYoungGen      total 11776K, used 1184K [0x00000000d5580000, 0x00000000d6280000, 0x0000000100000000)
  eden space 10240K, 0% used [0x00000000d5580000,0x00000000d5580000,0x00000000d5f80000)
  from space 1536K, 77% used [0x00000000d6100000,0x00000000d6228000,0x00000000d6280000)
  to   space 1536K, 0% used [0x00000000d5f80000,0x00000000d5f80000,0x00000000d6100000)
 ParOldGen       total 1202176K, used 1202151K [0x0000000080000000, 0x00000000c9600000, 0x00000000d5580000)
  object space 1202176K, 99% used [0x0000000080000000,0x00000000c95f9ee8,0x00000000c9600000)
 Metaspace       used 93957K, committed 95744K, reserved 1179648K
  class space    used 10109K, committed 10944K, reserved 1048576K
}
Event: 11935.964 GC heap before
{Heap before GC invocations=1376 (full 5):
 PSYoungGen      total 11776K, used 11424K [0x00000000d5580000, 0x00000000d6280000, 0x0000000100000000)
  eden space 10240K, 100% used [0x00000000d5580000,0x00000000d5f80000,0x00000000d5f80000)
  from space 1536K, 77% used [0x00000000d6100000,0x00000000d6228000,0x00000000d6280000)
  to   space 1536K, 0% used [0x00000000d5f80000,0x00000000d5f80000,0x00000000d6100000)
 ParOldGen       total 1202176K, used 1202151K [0x0000000080000000, 0x00000000c9600000, 0x00000000d5580000)
  object space 1202176K, 99% used [0x0000000080000000,0x00000000c95f9ee8,0x00000000c9600000)
 Metaspace       used 93957K, committed 95744K, reserved 1179648K
  class space    used 10109K, committed 10944K, reserved 1048576K
}
Event: 11935.968 GC heap after
{Heap after GC invocations=1376 (full 5):
 PSYoungGen      total 11776K, used 976K [0x00000000d5580000, 0x00000000d6280000, 0x0000000100000000)
  eden space 10240K, 0% used [0x00000000d5580000,0x00000000d5580000,0x00000000d5f80000)
  from space 1536K, 63% used [0x00000000d5f80000,0x00000000d6074030,0x00000000d6100000)
  to   space 1536K, 0% used [0x00000000d6100000,0x00000000d6100000,0x00000000d6280000)
 ParOldGen       total 1203712K, used 1203257K [0x0000000080000000, 0x00000000c9780000, 0x00000000d5580000)
  object space 1203712K, 99% used [0x0000000080000000,0x00000000c970e410,0x00000000c9780000)
 Metaspace       used 93957K, committed 95744K, reserved 1179648K
  class space    used 10109K, committed 10944K, reserved 1048576K
}
Event: 12852.949 GC heap before
{Heap before GC invocations=1377 (full 5):
 PSYoungGen      total 11776K, used 11216K [0x00000000d5580000, 0x00000000d6280000, 0x0000000100000000)
  eden space 10240K, 100% used [0x00000000d5580000,0x00000000d5f80000,0x00000000d5f80000)
  from space 1536K, 63% used [0x00000000d5f80000,0x00000000d6074030,0x00000000d6100000)
  to   space 1536K, 0% used [0x00000000d6100000,0x00000000d6100000,0x00000000d6280000)
 ParOldGen       total 1203712K, used 1203257K [0x0000000080000000, 0x00000000c9780000, 0x00000000d5580000)
  object space 1203712K, 99% used [0x0000000080000000,0x00000000c970e410,0x00000000c9780000)
 Metaspace       used 93978K, committed 95872K, reserved 1179648K
  class space    used 10109K, committed 10944K, reserved 1048576K
}
Event: 12853.740 GC heap after
{Heap after GC invocations=1377 (full 5):
 PSYoungGen      total 11776K, used 1131K [0x00000000d5580000, 0x00000000d6280000, 0x0000000100000000)
  eden space 10240K, 0% used [0x00000000d5580000,0x00000000d5580000,0x00000000d5f80000)
  from space 1536K, 73% used [0x00000000d6100000,0x00000000d621aed0,0x00000000d6280000)
  to   space 1536K, 0% used [0x00000000d5f80000,0x00000000d5f80000,0x00000000d6100000)
 ParOldGen       total 1204224K, used 1204105K [0x0000000080000000, 0x00000000c9800000, 0x00000000d5580000)
  object space 1204224K, 99% used [0x0000000080000000,0x00000000c97e2450,0x00000000c9800000)
 Metaspace       used 93978K, committed 95872K, reserved 1179648K
  class space    used 10109K, committed 10944K, reserved 1048576K
}

