# JRE version: OpenJDK Runtime Environment Temurin-21.0.8+9 (21.0.8+9) (build 21.0.8+9-LTS)
# Java VM: OpenJDK 64-Bit Server VM Temurin-21.0.8+9 (21.0.8+9-LTS, mixed mode, sharing, tiered, compressed oops, compressed class ptrs, parallel gc, windows-amd64)
GC Precious Log:
 CardTable entry size: 512
 CPUs: 12 total, 12 available
 Memory: 7528M
 Large Page Support: Disabled
 NUMA Support: Disabled
 Compressed Oops: Enabled (32-bit)
 Alignments: Space 512K, Generation 512K, Heap 2M
 Heap Min Capacity: 100M
 Heap Initial Capacity: 100M
 Heap Max Capacity: 2G
 Pre-touch: Disabled
 Parallel Workers: 10
Heap:
 PSYoungGen      total 8192K, used 7326K [0x00000000d5580000, 0x00000000d6280000, 0x0000000100000000)
  eden space 4608K, 82% used [0x00000000d5580000,0x00000000d5938378,0x00000000d5a00000)
  from space 3584K, 98% used [0x00000000d5f00000,0x00000000d626f620,0x00000000d6280000)
  to   space 4096K, 0% used [0x00000000d5a80000,0x00000000d5a80000,0x00000000d5e80000)
 ParOldGen       total 387584K, used 387226K [0x0000000080000000, 0x0000000097a80000, 0x00000000d5580000)
  object space 387584K, 99% used [0x0000000080000000,0x0000000097a26a00,0x0000000097a80000)
 Metaspace       used 76417K, committed 78080K, reserved 1179648K
  class space    used 8487K, committed 9216K, reserved 1048576K
GC Heap History (20 events):
Event: 133.326 GC heap before
{Heap before GC invocations=796 (full 3):
 PSYoungGen      total 8704K, used 8313K [0x00000000d5580000, 0x00000000d6000000, 0x0000000100000000)
  eden space 7680K, 100% used [0x00000000d5580000,0x00000000d5d00000,0x00000000d5d00000)
  from space 1024K, 61% used [0x00000000d5f00000,0x00000000d5f9e410,0x00000000d6000000)
  to   space 1024K, 0% used [0x00000000d5d00000,0x00000000d5d00000,0x00000000d5e00000)
 ParOldGen       total 370176K, used 370167K [0x0000000080000000, 0x0000000096980000, 0x00000000d5580000)
  object space 370176K, 99% used [0x0000000080000000,0x000000009697dfc0,0x0000000096980000)
 Metaspace       used 76317K, committed 77952K, reserved 1179648K
  class space    used 8482K, committed 9216K, reserved 1048576K
}
Event: 133.328 GC heap after
{Heap after GC invocations=796 (full 3):
 PSYoungGen      total 8704K, used 713K [0x00000000d5580000, 0x00000000d5f80000, 0x0000000100000000)
  eden space 7680K, 0% used [0x00000000d5580000,0x00000000d5580000,0x00000000d5d00000)
  from space 1024K, 69% used [0x00000000d5d00000,0x00000000d5db2400,0x00000000d5e00000)
  to   space 1024K, 0% used [0x00000000d5e80000,0x00000000d5e80000,0x00000000d5f80000)
 ParOldGen       total 370688K, used 370223K [0x0000000080000000, 0x0000000096a00000, 0x00000000d5580000)
  object space 370688K, 99% used [0x0000000080000000,0x000000009698bfc0,0x0000000096a00000)
 Metaspace       used 76317K, committed 77952K, reserved 1179648K
  class space    used 8482K, committed 9216K, reserved 1048576K
}
Event: 133.389 GC heap before
{Heap before GC invocations=797 (full 3):
 PSYoungGen      total 8704K, used 8393K [0x00000000d5580000, 0x00000000d5f80000, 0x0000000100000000)
  eden space 7680K, 100% used [0x00000000d5580000,0x00000000d5d00000,0x00000000d5d00000)
  from space 1024K, 69% used [0x00000000d5d00000,0x00000000d5db2400,0x00000000d5e00000)
  to   space 1024K, 0% used [0x00000000d5e80000,0x00000000d5e80000,0x00000000d5f80000)
 ParOldGen       total 370688K, used 370223K [0x0000000080000000, 0x0000000096a00000, 0x00000000d5580000)
  object space 370688K, 99% used [0x0000000080000000,0x000000009698bfc0,0x0000000096a00000)
 Metaspace       used 76324K, committed 77952K, reserved 1179648K
  class space    used 8482K, committed 9216K, reserved 1048576K
}
Event: 133.392 GC heap after
{Heap after GC invocations=797 (full 3):
 PSYoungGen      total 8704K, used 857K [0x00000000d5580000, 0x00000000d5f80000, 0x0000000100000000)
  eden space 7680K, 0% used [0x00000000d5580000,0x00000000d5580000,0x00000000d5d00000)
  from space 1024K, 83% used [0x00000000d5e80000,0x00000000d5f56410,0x00000000d5f80000)
  to   space 1024K, 0% used [0x00000000d5d00000,0x00000000d5d00000,0x00000000d5e00000)
 ParOldGen       total 371200K, used 370776K [0x0000000080000000, 0x0000000096a80000, 0x00000000d5580000)
  object space 371200K, 99% used [0x0000000080000000,0x0000000096a163f0,0x0000000096a80000)
 Metaspace       used 76324K, committed 77952K, reserved 1179648K
  class space    used 8482K, committed 9216K, reserved 1048576K
}
Event: 133.430 GC heap before
{Heap before GC invocations=798 (full 3):
 PSYoungGen      total 8704K, used 8537K [0x00000000d5580000, 0x00000000d5f80000, 0x0000000100000000)
  eden space 7680K, 100% used [0x00000000d5580000,0x00000000d5d00000,0x00000000d5d00000)
  from space 1024K, 83% used [0x00000000d5e80000,0x00000000d5f56410,0x00000000d5f80000)
  to   space 1024K, 0% used [0x00000000d5d00000,0x00000000d5d00000,0x00000000d5e00000)
 ParOldGen       total 371200K, used 370776K [0x0000000080000000, 0x0000000096a80000, 0x00000000d5580000)
  object space 371200K, 99% used [0x0000000080000000,0x0000000096a163f0,0x0000000096a80000)
 Metaspace       used 76341K, committed 78016K, reserved 1179648K
  class space    used 8482K, committed 9216K, reserved 1048576K
}
Event: 133.433 GC heap after
{Heap after GC invocations=798 (full 3):
 PSYoungGen      total 8704K, used 873K [0x00000000d5580000, 0x00000000d5f00000, 0x0000000100000000)
  eden space 7680K, 0% used [0x00000000d5580000,0x00000000d5580000,0x00000000d5d00000)
  from space 1024K, 85% used [0x00000000d5d00000,0x00000000d5dda400,0x00000000d5e00000)
  to   space 1024K, 0% used [0x00000000d5e00000,0x00000000d5e00000,0x00000000d5f00000)
 ParOldGen       total 371712K, used 371460K [0x0000000080000000, 0x0000000096b00000, 0x00000000d5580000)
  object space 371712K, 99% used [0x0000000080000000,0x0000000096ac1040,0x0000000096b00000)
 Metaspace       used 76341K, committed 78016K, reserved 1179648K
  class space    used 8482K, committed 9216K, reserved 1048576K
}
Event: 133.460 GC heap before
{Heap before GC invocations=799 (full 3):
 PSYoungGen      total 8704K, used 8553K [0x00000000d5580000, 0x00000000d5f00000, 0x0000000100000000)
  eden space 7680K, 100% used [0x00000000d5580000,0x00000000d5d00000,0x00000000d5d00000)
  from space 1024K, 85% used [0x00000000d5d00000,0x00000000d5dda400,0x00000000d5e00000)
  to   space 1024K, 0% used [0x00000000d5e00000,0x00000000d5e00000,0x00000000d5f00000)
 ParOldGen       total 371712K, used 371460K [0x0000000080000000, 0x0000000096b00000, 0x00000000d5580000)
  object space 371712K, 99% used [0x0000000080000000,0x0000000096ac1040,0x0000000096b00000)
 Metaspace       used 76341K, committed 78016K, reserved 1179648K
  class space    used 8482K, committed 9216K, reserved 1048576K
}
Event: 133.464 GC heap after
{Heap after GC invocations=799 (full 3):
 PSYoungGen      total 8704K, used 832K [0x00000000d5580000, 0x00000000d5f00000, 0x0000000100000000)
  eden space 7680K, 0% used [0x00000000d5580000,0x00000000d5580000,0x00000000d5d00000)
  from space 1024K, 81% used [0x00000000d5e00000,0x00000000d5ed0020,0x00000000d5f00000)
  to   space 1024K, 0% used [0x00000000d5d00000,0x00000000d5d00000,0x00000000d5e00000)
 ParOldGen       total 372736K, used 372272K [0x0000000080000000, 0x0000000096c00000, 0x00000000d5580000)
  object space 372736K, 99% used [0x0000000080000000,0x0000000096b8c3f0,0x0000000096c00000)
 Metaspace       used 76341K, committed 78016K, reserved 1179648K
  class space    used 8482K, committed 9216K, reserved 1048576K
}
Event: 133.495 GC heap before
{Heap before GC invocations=800 (full 3):
 PSYoungGen      total 8704K, used 8512K [0x00000000d5580000, 0x00000000d5f00000, 0x0000000100000000)
  eden space 7680K, 100% used [0x00000000d5580000,0x00000000d5d00000,0x00000000d5d00000)
  from space 1024K, 81% used [0x00000000d5e00000,0x00000000d5ed0020,0x00000000d5f00000)
  to   space 1024K, 0% used [0x00000000d5d00000,0x00000000d5d00000,0x00000000d5e00000)
 ParOldGen       total 372736K, used 372272K [0x0000000080000000, 0x0000000096c00000, 0x00000000d5580000)
  object space 372736K, 99% used [0x0000000080000000,0x0000000096b8c3f0,0x0000000096c00000)
 Metaspace       used 76348K, committed 78016K, reserved 1179648K
  class space    used 8482K, committed 9216K, reserved 1048576K
}
Event: 133.497 GC heap after
{Heap after GC invocations=800 (full 3):
 PSYoungGen      total 8704K, used 937K [0x00000000d5580000, 0x00000000d5f00000, 0x0000000100000000)
  eden space 7680K, 0% used [0x00000000d5580000,0x00000000d5580000,0x00000000d5d00000)
  from space 1024K, 91% used [0x00000000d5d00000,0x00000000d5dea400,0x00000000d5e00000)
  to   space 1024K, 0% used [0x00000000d5e00000,0x00000000d5e00000,0x00000000d5f00000)
 ParOldGen       total 373248K, used 372969K [0x0000000080000000, 0x0000000096c80000, 0x00000000d5580000)
  object space 373248K, 99% used [0x0000000080000000,0x0000000096c3a420,0x0000000096c80000)
 Metaspace       used 76348K, committed 78016K, reserved 1179648K
  class space    used 8482K, committed 9216K, reserved 1048576K
}
Event: 133.526 GC heap before
{Heap before GC invocations=801 (full 3):
 PSYoungGen      total 8704K, used 8617K [0x00000000d5580000, 0x00000000d5f00000, 0x0000000100000000)
  eden space 7680K, 100% used [0x00000000d5580000,0x00000000d5d00000,0x00000000d5d00000)
  from space 1024K, 91% used [0x00000000d5d00000,0x00000000d5dea400,0x00000000d5e00000)
  to   space 1024K, 0% used [0x00000000d5e00000,0x00000000d5e00000,0x00000000d5f00000)
 ParOldGen       total 373248K, used 372969K [0x0000000080000000, 0x0000000096c80000, 0x00000000d5580000)
  object space 373248K, 99% used [0x0000000080000000,0x0000000096c3a420,0x0000000096c80000)
 Metaspace       used 76352K, committed 78016K, reserved 1179648K
  class space    used 8483K, committed 9216K, reserved 1048576K
}
Event: 133.530 GC heap after
{Heap after GC invocations=801 (full 3):
 PSYoungGen      total 8704K, used 592K [0x00000000d5580000, 0x00000000d5f00000, 0x0000000100000000)
  eden space 7680K, 0% used [0x00000000d5580000,0x00000000d5580000,0x00000000d5d00000)
  from space 1024K, 57% used [0x00000000d5e00000,0x00000000d5e94030,0x00000000d5f00000)
  to   space 1024K, 0% used [0x00000000d5d00000,0x00000000d5d00000,0x00000000d5e00000)
 ParOldGen       total 374272K, used 373762K [0x0000000080000000, 0x0000000096d80000, 0x00000000d5580000)
  object space 374272K, 99% used [0x0000000080000000,0x0000000096d00850,0x0000000096d80000)
 Metaspace       used 76352K, committed 78016K, reserved 1179648K
  class space    used 8483K, committed 9216K, reserved 1048576K
}
Event: 137.037 GC heap before
{Heap before GC invocations=802 (full 3):
 PSYoungGen      total 8704K, used 8231K [0x00000000d5580000, 0x00000000d5f00000, 0x0000000100000000)
  eden space 7680K, 99% used [0x00000000d5580000,0x00000000d5cf5c38,0x00000000d5d00000)
  from space 1024K, 57% used [0x00000000d5e00000,0x00000000d5e94030,0x00000000d5f00000)
  to   space 1024K, 0% used [0x00000000d5d00000,0x00000000d5d00000,0x00000000d5e00000)
 ParOldGen       total 374272K, used 373762K [0x0000000080000000, 0x0000000096d80000, 0x00000000d5580000)
  object space 374272K, 99% used [0x0000000080000000,0x0000000096d00850,0x0000000096d80000)
 Metaspace       used 76372K, committed 78016K, reserved 1179648K
  class space    used 8484K, committed 9216K, reserved 1048576K
}
Event: 137.043 GC heap after
{Heap after GC invocations=802 (full 3):
 PSYoungGen      total 8704K, used 1013K [0x00000000d5580000, 0x00000000d6700000, 0x0000000100000000)
  eden space 7680K, 0% used [0x00000000d5580000,0x00000000d5580000,0x00000000d5d00000)
  from space 1024K, 99% used [0x00000000d5d00000,0x00000000d5dfd7b0,0x00000000d5e00000)
  to   space 5120K, 0% used [0x00000000d6200000,0x00000000d6200000,0x00000000d6700000)
 ParOldGen       total 377344K, used 377047K [0x0000000080000000, 0x0000000097080000, 0x00000000d5580000)
  object space 377344K, 99% used [0x0000000080000000,0x0000000097035c90,0x0000000097080000)
 Metaspace       used 76372K, committed 78016K, reserved 1179648K
  class space    used 8484K, committed 9216K, reserved 1048576K
}
Event: 137.457 GC heap before
{Heap before GC invocations=803 (full 3):
 PSYoungGen      total 8704K, used 8653K [0x00000000d5580000, 0x00000000d6700000, 0x0000000100000000)
  eden space 7680K, 99% used [0x00000000d5580000,0x00000000d5cf5cc0,0x00000000d5d00000)
  from space 1024K, 99% used [0x00000000d5d00000,0x00000000d5dfd7b0,0x00000000d5e00000)
  to   space 5120K, 0% used [0x00000000d6200000,0x00000000d6200000,0x00000000d6700000)
 ParOldGen       total 377344K, used 377047K [0x0000000080000000, 0x0000000097080000, 0x00000000d5580000)
  object space 377344K, 99% used [0x0000000080000000,0x0000000097035c90,0x0000000097080000)
 Metaspace       used 76373K, committed 78016K, reserved 1179648K
  class space    used 8484K, committed 9216K, reserved 1048576K
}
Event: 137.463 GC heap after
{Heap after GC invocations=803 (full 3):
 PSYoungGen      total 9728K, used 5111K [0x00000000d5580000, 0x00000000d6d00000, 0x0000000100000000)
  eden space 4608K, 0% used [0x00000000d5580000,0x00000000d5580000,0x00000000d5a00000)
  from space 5120K, 99% used [0x00000000d6200000,0x00000000d66fdde0,0x00000000d6700000)
  to   space 8192K, 0% used [0x00000000d5a00000,0x00000000d5a00000,0x00000000d6200000)
 ParOldGen       total 379392K, used 379021K [0x0000000080000000, 0x0000000097280000, 0x00000000d5580000)
  object space 379392K, 99% used [0x0000000080000000,0x0000000097223518,0x0000000097280000)
 Metaspace       used 76373K, committed 78016K, reserved 1179648K
  class space    used 8484K, committed 9216K, reserved 1048576K
}
Event: 137.553 GC heap before
{Heap before GC invocations=804 (full 3):
 PSYoungGen      total 9728K, used 8995K [0x00000000d5580000, 0x00000000d6d00000, 0x0000000100000000)
  eden space 4608K, 84% used [0x00000000d5580000,0x00000000d594b180,0x00000000d5a00000)
  from space 5120K, 99% used [0x00000000d6200000,0x00000000d66fdde0,0x00000000d6700000)
  to   space 8192K, 0% used [0x00000000d5a00000,0x00000000d5a00000,0x00000000d6200000)
 ParOldGen       total 379392K, used 379021K [0x0000000080000000, 0x0000000097280000, 0x00000000d5580000)
  object space 379392K, 99% used [0x0000000080000000,0x0000000097223518,0x0000000097280000)
 Metaspace       used 76373K, committed 78016K, reserved 1179648K
  class space    used 8484K, committed 9216K, reserved 1048576K
}
Event: 137.558 GC heap after
{Heap after GC invocations=804 (full 3):
 PSYoungGen      total 8192K, used 3288K [0x00000000d5580000, 0x00000000d6400000, 0x0000000100000000)
  eden space 4608K, 0% used [0x00000000d5580000,0x00000000d5580000,0x00000000d5a00000)
  from space 3584K, 91% used [0x00000000d5a00000,0x00000000d5d363c8,0x00000000d5d80000)
  to   space 5120K, 0% used [0x00000000d5f00000,0x00000000d5f00000,0x00000000d6400000)
 ParOldGen       total 384512K, used 384124K [0x0000000080000000, 0x0000000097780000, 0x00000000d5580000)
  object space 384512K, 99% used [0x0000000080000000,0x000000009771f3e8,0x0000000097780000)
 Metaspace       used 76373K, committed 78016K, reserved 1179648K
  class space    used 8484K, committed 9216K, reserved 1048576K
}
Event: 137.624 GC heap before
{Heap before GC invocations=805 (full 3):
 PSYoungGen      total 8192K, used 7896K [0x00000000d5580000, 0x00000000d6400000, 0x0000000100000000)
  eden space 4608K, 100% used [0x00000000d5580000,0x00000000d5a00000,0x00000000d5a00000)
  from space 3584K, 91% used [0x00000000d5a00000,0x00000000d5d363c8,0x00000000d5d80000)
  to   space 5120K, 0% used [0x00000000d5f00000,0x00000000d5f00000,0x00000000d6400000)
 ParOldGen       total 384512K, used 384124K [0x0000000080000000, 0x0000000097780000, 0x00000000d5580000)
  object space 384512K, 99% used [0x0000000080000000,0x000000009771f3e8,0x0000000097780000)
 Metaspace       used 76379K, committed 78016K, reserved 1179648K
  class space    used 8484K, committed 9216K, reserved 1048576K
}
Event: 137.629 GC heap after
{Heap after GC invocations=805 (full 3):
 PSYoungGen      total 8192K, used 3517K [0x00000000d5580000, 0x00000000d6280000, 0x0000000100000000)
  eden space 4608K, 0% used [0x00000000d5580000,0x00000000d5580000,0x00000000d5a00000)
  from space 3584K, 98% used [0x00000000d5f00000,0x00000000d626f620,0x00000000d6280000)
  to   space 4096K, 0% used [0x00000000d5a80000,0x00000000d5a80000,0x00000000d5e80000)
 ParOldGen       total 387584K, used 387226K [0x0000000080000000, 0x0000000097a80000, 0x00000000d5580000)
  object space 387584K, 99% used [0x0000000080000000,0x0000000097a26a00,0x0000000097a80000)
 Metaspace       used 76379K, committed 78016K, reserved 1179648K
  class space    used 8484K, committed 9216K, reserved 1048576K
}

