# JRE version: OpenJDK Runtime Environment Temurin-21.0.8+9 (21.0.8+9) (build 21.0.8+9-LTS)
# Java VM: OpenJDK 64-Bit Server VM Temurin-21.0.8+9 (21.0.8+9-LTS, mixed mode, sharing, tiered, compressed oops, compressed class ptrs, parallel gc, windows-amd64)
GC Precious Log:
 CardTable entry size: 512
 CPUs: 12 total, 12 available
 Memory: 7528M
 Large Page Support: Disabled
 NUMA Support: Disabled
 Compressed Oops: Enabled (32-bit)
 Alignments: Space 512K, Generation 512K, Heap 2M
 Heap Min Capacity: 100M
 Heap Initial Capacity: 100M
 Heap Max Capacity: 2G
 Pre-touch: Disabled
 Parallel Workers: 10
Heap:
 PSYoungGen      total 5632K, used 3709K [0x00000000d5580000, 0x00000000d5e80000, 0x0000000100000000)
  eden space 4608K, 71% used [0x00000000d5580000,0x00000000d58b7748,0x00000000d5a00000)
  from space 1024K, 40% used [0x00000000d5c80000,0x00000000d5ce8000,0x00000000d5d80000)
  to   space 512K, 0% used [0x00000000d5e00000,0x00000000d5e00000,0x00000000d5e80000)
 ParOldGen       total 80384K, used 80372K [0x0000000080000000, 0x0000000084e80000, 0x00000000d5580000)
  object space 80384K, 99% used [0x0000000080000000,0x0000000084e7d1d0,0x0000000084e80000)
 Metaspace       used 57726K, committed 59008K, reserved 1114112K
  class space    used 6760K, committed 7296K, reserved 1048576K
GC Heap History (20 events):
Event: 23.461 GC heap before
{Heap before GC invocations=84 (full 2):
 PSYoungGen      total 6144K, used 5248K [0x00000000d5580000, 0x00000000d6000000, 0x0000000100000000)
  eden space 4608K, 100% used [0x00000000d5580000,0x00000000d5a00000,0x00000000d5a00000)
  from space 1536K, 41% used [0x00000000d5d00000,0x00000000d5da0000,0x00000000d5e80000)
  to   space 1024K, 0% used [0x00000000d5f00000,0x00000000d5f00000,0x00000000d6000000)
 ParOldGen       total 76288K, used 75967K [0x0000000080000000, 0x0000000084a80000, 0x00000000d5580000)
  object space 76288K, 99% used [0x0000000080000000,0x0000000084a2fc68,0x0000000084a80000)
 Metaspace       used 57056K, committed 58368K, reserved 1114112K
  class space    used 6680K, committed 7232K, reserved 1048576K
}
Event: 23.465 GC heap after
{Heap after GC invocations=84 (full 2):
 PSYoungGen      total 5632K, used 608K [0x00000000d5580000, 0x00000000d6000000, 0x0000000100000000)
  eden space 4608K, 0% used [0x00000000d5580000,0x00000000d5580000,0x00000000d5a00000)
  from space 1024K, 59% used [0x00000000d5f00000,0x00000000d5f98000,0x00000000d6000000)
  to   space 1024K, 0% used [0x00000000d5e00000,0x00000000d5e00000,0x00000000d5f00000)
 ParOldGen       total 76800K, used 76415K [0x0000000080000000, 0x0000000084b00000, 0x00000000d5580000)
  object space 76800K, 99% used [0x0000000080000000,0x0000000084a9fc68,0x0000000084b00000)
 Metaspace       used 57056K, committed 58368K, reserved 1114112K
  class space    used 6680K, committed 7232K, reserved 1048576K
}
Event: 23.526 GC heap before
{Heap before GC invocations=85 (full 2):
 PSYoungGen      total 5632K, used 5216K [0x00000000d5580000, 0x00000000d6000000, 0x0000000100000000)
  eden space 4608K, 100% used [0x00000000d5580000,0x00000000d5a00000,0x00000000d5a00000)
  from space 1024K, 59% used [0x00000000d5f00000,0x00000000d5f98000,0x00000000d6000000)
  to   space 1024K, 0% used [0x00000000d5e00000,0x00000000d5e00000,0x00000000d5f00000)
 ParOldGen       total 76800K, used 76415K [0x0000000080000000, 0x0000000084b00000, 0x00000000d5580000)
  object space 76800K, 99% used [0x0000000080000000,0x0000000084a9fc68,0x0000000084b00000)
 Metaspace       used 57063K, committed 58432K, reserved 1114112K
  class space    used 6680K, committed 7232K, reserved 1048576K
}
Event: 23.530 GC heap after
{Heap after GC invocations=85 (full 2):
 PSYoungGen      total 5632K, used 800K [0x00000000d5580000, 0x00000000d5f80000, 0x0000000100000000)
  eden space 4608K, 0% used [0x00000000d5580000,0x00000000d5580000,0x00000000d5a00000)
  from space 1024K, 78% used [0x00000000d5e00000,0x00000000d5ec8010,0x00000000d5f00000)
  to   space 512K, 0% used [0x00000000d5f00000,0x00000000d5f00000,0x00000000d5f80000)
 ParOldGen       total 77312K, used 76855K [0x0000000080000000, 0x0000000084b80000, 0x00000000d5580000)
  object space 77312K, 99% used [0x0000000080000000,0x0000000084b0dc68,0x0000000084b80000)
 Metaspace       used 57063K, committed 58432K, reserved 1114112K
  class space    used 6680K, committed 7232K, reserved 1048576K
}
Event: 23.580 GC heap before
{Heap before GC invocations=86 (full 2):
 PSYoungGen      total 5632K, used 5408K [0x00000000d5580000, 0x00000000d5f80000, 0x0000000100000000)
  eden space 4608K, 100% used [0x00000000d5580000,0x00000000d5a00000,0x00000000d5a00000)
  from space 1024K, 78% used [0x00000000d5e00000,0x00000000d5ec8010,0x00000000d5f00000)
  to   space 512K, 0% used [0x00000000d5f00000,0x00000000d5f00000,0x00000000d5f80000)
 ParOldGen       total 77312K, used 76855K [0x0000000080000000, 0x0000000084b80000, 0x00000000d5580000)
  object space 77312K, 99% used [0x0000000080000000,0x0000000084b0dc68,0x0000000084b80000)
 Metaspace       used 57070K, committed 58432K, reserved 1114112K
  class space    used 6680K, committed 7232K, reserved 1048576K
}
Event: 23.583 GC heap after
{Heap after GC invocations=86 (full 2):
 PSYoungGen      total 5120K, used 512K [0x00000000d5580000, 0x00000000d5f80000, 0x0000000100000000)
  eden space 4608K, 0% used [0x00000000d5580000,0x00000000d5580000,0x00000000d5a00000)
  from space 512K, 100% used [0x00000000d5f00000,0x00000000d5f80000,0x00000000d5f80000)
  to   space 1536K, 0% used [0x00000000d5c80000,0x00000000d5c80000,0x00000000d5e00000)
 ParOldGen       total 77824K, used 77503K [0x0000000080000000, 0x0000000084c00000, 0x00000000d5580000)
  object space 77824K, 99% used [0x0000000080000000,0x0000000084bafc78,0x0000000084c00000)
 Metaspace       used 57070K, committed 58432K, reserved 1114112K
  class space    used 6680K, committed 7232K, reserved 1048576K
}
Event: 23.629 GC heap before
{Heap before GC invocations=87 (full 2):
 PSYoungGen      total 5120K, used 5120K [0x00000000d5580000, 0x00000000d5f80000, 0x0000000100000000)
  eden space 4608K, 100% used [0x00000000d5580000,0x00000000d5a00000,0x00000000d5a00000)
  from space 512K, 100% used [0x00000000d5f00000,0x00000000d5f80000,0x00000000d5f80000)
  to   space 1536K, 0% used [0x00000000d5c80000,0x00000000d5c80000,0x00000000d5e00000)
 ParOldGen       total 77824K, used 77503K [0x0000000080000000, 0x0000000084c00000, 0x00000000d5580000)
  object space 77824K, 99% used [0x0000000080000000,0x0000000084bafc78,0x0000000084c00000)
 Metaspace       used 57098K, committed 58432K, reserved 1114112K
  class space    used 6682K, committed 7232K, reserved 1048576K
}
Event: 23.631 GC heap after
{Heap after GC invocations=87 (full 2):
 PSYoungGen      total 6144K, used 512K [0x00000000d5580000, 0x00000000d5f80000, 0x0000000100000000)
  eden space 4608K, 0% used [0x00000000d5580000,0x00000000d5580000,0x00000000d5a00000)
  from space 1536K, 33% used [0x00000000d5c80000,0x00000000d5d00000,0x00000000d5e00000)
  to   space 1024K, 0% used [0x00000000d5e80000,0x00000000d5e80000,0x00000000d5f80000)
 ParOldGen       total 78336K, used 77919K [0x0000000080000000, 0x0000000084c80000, 0x00000000d5580000)
  object space 78336K, 99% used [0x0000000080000000,0x0000000084c17c78,0x0000000084c80000)
 Metaspace       used 57098K, committed 58432K, reserved 1114112K
  class space    used 6682K, committed 7232K, reserved 1048576K
}
Event: 23.650 GC heap before
{Heap before GC invocations=88 (full 2):
 PSYoungGen      total 6144K, used 5120K [0x00000000d5580000, 0x00000000d5f80000, 0x0000000100000000)
  eden space 4608K, 100% used [0x00000000d5580000,0x00000000d5a00000,0x00000000d5a00000)
  from space 1536K, 33% used [0x00000000d5c80000,0x00000000d5d00000,0x00000000d5e00000)
  to   space 1024K, 0% used [0x00000000d5e80000,0x00000000d5e80000,0x00000000d5f80000)
 ParOldGen       total 78336K, used 77919K [0x0000000080000000, 0x0000000084c80000, 0x00000000d5580000)
  object space 78336K, 99% used [0x0000000080000000,0x0000000084c17c78,0x0000000084c80000)
 Metaspace       used 57098K, committed 58432K, reserved 1114112K
  class space    used 6682K, committed 7232K, reserved 1048576K
}
Event: 23.653 GC heap after
{Heap after GC invocations=88 (full 2):
 PSYoungGen      total 5632K, used 576K [0x00000000d5580000, 0x00000000d5f80000, 0x0000000100000000)
  eden space 4608K, 0% used [0x00000000d5580000,0x00000000d5580000,0x00000000d5a00000)
  from space 1024K, 56% used [0x00000000d5e80000,0x00000000d5f10000,0x00000000d5f80000)
  to   space 1024K, 0% used [0x00000000d5d80000,0x00000000d5d80000,0x00000000d5e80000)
 ParOldGen       total 78336K, used 78319K [0x0000000080000000, 0x0000000084c80000, 0x00000000d5580000)
  object space 78336K, 99% used [0x0000000080000000,0x0000000084c7bc78,0x0000000084c80000)
 Metaspace       used 57098K, committed 58432K, reserved 1114112K
  class space    used 6682K, committed 7232K, reserved 1048576K
}
Event: 23.683 GC heap before
{Heap before GC invocations=89 (full 2):
 PSYoungGen      total 5632K, used 5184K [0x00000000d5580000, 0x00000000d5f80000, 0x0000000100000000)
  eden space 4608K, 100% used [0x00000000d5580000,0x00000000d5a00000,0x00000000d5a00000)
  from space 1024K, 56% used [0x00000000d5e80000,0x00000000d5f10000,0x00000000d5f80000)
  to   space 1024K, 0% used [0x00000000d5d80000,0x00000000d5d80000,0x00000000d5e80000)
 ParOldGen       total 78336K, used 78319K [0x0000000080000000, 0x0000000084c80000, 0x00000000d5580000)
  object space 78336K, 99% used [0x0000000080000000,0x0000000084c7bc78,0x0000000084c80000)
 Metaspace       used 57100K, committed 58432K, reserved 1114112K
  class space    used 6682K, committed 7232K, reserved 1048576K
}
Event: 23.686 GC heap after
{Heap after GC invocations=89 (full 2):
 PSYoungGen      total 5632K, used 640K [0x00000000d5580000, 0x00000000d5f00000, 0x0000000100000000)
  eden space 4608K, 0% used [0x00000000d5580000,0x00000000d5580000,0x00000000d5a00000)
  from space 1024K, 62% used [0x00000000d5d80000,0x00000000d5e20000,0x00000000d5e80000)
  to   space 512K, 0% used [0x00000000d5e80000,0x00000000d5e80000,0x00000000d5f00000)
 ParOldGen       total 78848K, used 78719K [0x0000000080000000, 0x0000000084d00000, 0x00000000d5580000)
  object space 78848K, 99% used [0x0000000080000000,0x0000000084cdfc78,0x0000000084d00000)
 Metaspace       used 57100K, committed 58432K, reserved 1114112K
  class space    used 6682K, committed 7232K, reserved 1048576K
}
Event: 23.760 GC heap before
{Heap before GC invocations=90 (full 2):
 PSYoungGen      total 5632K, used 5248K [0x00000000d5580000, 0x00000000d5f00000, 0x0000000100000000)
  eden space 4608K, 100% used [0x00000000d5580000,0x00000000d5a00000,0x00000000d5a00000)
  from space 1024K, 62% used [0x00000000d5d80000,0x00000000d5e20000,0x00000000d5e80000)
  to   space 512K, 0% used [0x00000000d5e80000,0x00000000d5e80000,0x00000000d5f00000)
 ParOldGen       total 78848K, used 78719K [0x0000000080000000, 0x0000000084d00000, 0x00000000d5580000)
  object space 78848K, 99% used [0x0000000080000000,0x0000000084cdfc78,0x0000000084d00000)
 Metaspace       used 57103K, committed 58432K, reserved 1114112K
  class space    used 6682K, committed 7232K, reserved 1048576K
}
Event: 23.763 GC heap after
{Heap after GC invocations=90 (full 2):
 PSYoungGen      total 5120K, used 480K [0x00000000d5580000, 0x00000000d5f00000, 0x0000000100000000)
  eden space 4608K, 0% used [0x00000000d5580000,0x00000000d5580000,0x00000000d5a00000)
  from space 512K, 93% used [0x00000000d5e80000,0x00000000d5ef8000,0x00000000d5f00000)
  to   space 1024K, 0% used [0x00000000d5d00000,0x00000000d5d00000,0x00000000d5e00000)
 ParOldGen       total 79360K, used 79183K [0x0000000080000000, 0x0000000084d80000, 0x00000000d5580000)
  object space 79360K, 99% used [0x0000000080000000,0x0000000084d53e78,0x0000000084d80000)
 Metaspace       used 57103K, committed 58432K, reserved 1114112K
  class space    used 6682K, committed 7232K, reserved 1048576K
}
Event: 23.787 GC heap before
{Heap before GC invocations=91 (full 2):
 PSYoungGen      total 5120K, used 5088K [0x00000000d5580000, 0x00000000d5f00000, 0x0000000100000000)
  eden space 4608K, 100% used [0x00000000d5580000,0x00000000d5a00000,0x00000000d5a00000)
  from space 512K, 93% used [0x00000000d5e80000,0x00000000d5ef8000,0x00000000d5f00000)
  to   space 1024K, 0% used [0x00000000d5d00000,0x00000000d5d00000,0x00000000d5e00000)
 ParOldGen       total 79360K, used 79183K [0x0000000080000000, 0x0000000084d80000, 0x00000000d5580000)
  object space 79360K, 99% used [0x0000000080000000,0x0000000084d53e78,0x0000000084d80000)
 Metaspace       used 57113K, committed 58496K, reserved 1114112K
  class space    used 6682K, committed 7232K, reserved 1048576K
}
Event: 23.789 GC heap after
{Heap after GC invocations=91 (full 2):
 PSYoungGen      total 5632K, used 512K [0x00000000d5580000, 0x00000000d5f00000, 0x0000000100000000)
  eden space 4608K, 0% used [0x00000000d5580000,0x00000000d5580000,0x00000000d5a00000)
  from space 1024K, 50% used [0x00000000d5d00000,0x00000000d5d80000,0x00000000d5e00000)
  to   space 1024K, 0% used [0x00000000d5e00000,0x00000000d5e00000,0x00000000d5f00000)
 ParOldGen       total 79872K, used 79583K [0x0000000080000000, 0x0000000084e00000, 0x00000000d5580000)
  object space 79872K, 99% used [0x0000000080000000,0x0000000084db7e78,0x0000000084e00000)
 Metaspace       used 57113K, committed 58496K, reserved 1114112K
  class space    used 6682K, committed 7232K, reserved 1048576K
}
Event: 23.802 GC heap before
{Heap before GC invocations=92 (full 2):
 PSYoungGen      total 5632K, used 5120K [0x00000000d5580000, 0x00000000d5f00000, 0x0000000100000000)
  eden space 4608K, 100% used [0x00000000d5580000,0x00000000d5a00000,0x00000000d5a00000)
  from space 1024K, 50% used [0x00000000d5d00000,0x00000000d5d80000,0x00000000d5e00000)
  to   space 1024K, 0% used [0x00000000d5e00000,0x00000000d5e00000,0x00000000d5f00000)
 ParOldGen       total 79872K, used 79583K [0x0000000080000000, 0x0000000084e00000, 0x00000000d5580000)
  object space 79872K, 99% used [0x0000000080000000,0x0000000084db7e78,0x0000000084e00000)
 Metaspace       used 57113K, committed 58496K, reserved 1114112K
  class space    used 6682K, committed 7232K, reserved 1048576K
}
Event: 23.804 GC heap after
{Heap after GC invocations=92 (full 2):
 PSYoungGen      total 5120K, used 512K [0x00000000d5580000, 0x00000000d5e80000, 0x0000000100000000)
  eden space 4608K, 0% used [0x00000000d5580000,0x00000000d5580000,0x00000000d5a00000)
  from space 512K, 100% used [0x00000000d5e00000,0x00000000d5e80000,0x00000000d5e80000)
  to   space 1024K, 0% used [0x00000000d5c80000,0x00000000d5c80000,0x00000000d5d80000)
 ParOldGen       total 80384K, used 79999K [0x0000000080000000, 0x0000000084e80000, 0x00000000d5580000)
  object space 80384K, 99% used [0x0000000080000000,0x0000000084e1fe78,0x0000000084e80000)
 Metaspace       used 57113K, committed 58496K, reserved 1114112K
  class space    used 6682K, committed 7232K, reserved 1048576K
}
Event: 23.942 GC heap before
{Heap before GC invocations=93 (full 2):
 PSYoungGen      total 5120K, used 5120K [0x00000000d5580000, 0x00000000d5e80000, 0x0000000100000000)
  eden space 4608K, 100% used [0x00000000d5580000,0x00000000d5a00000,0x00000000d5a00000)
  from space 512K, 100% used [0x00000000d5e00000,0x00000000d5e80000,0x00000000d5e80000)
  to   space 1024K, 0% used [0x00000000d5c80000,0x00000000d5c80000,0x00000000d5d80000)
 ParOldGen       total 80384K, used 79999K [0x0000000080000000, 0x0000000084e80000, 0x00000000d5580000)
  object space 80384K, 99% used [0x0000000080000000,0x0000000084e1fe78,0x0000000084e80000)
 Metaspace       used 57271K, committed 58560K, reserved 1114112K
  class space    used 6701K, committed 7232K, reserved 1048576K
}
Event: 23.946 GC heap after
{Heap after GC invocations=93 (full 2):
 PSYoungGen      total 5632K, used 416K [0x00000000d5580000, 0x00000000d5e80000, 0x0000000100000000)
  eden space 4608K, 0% used [0x00000000d5580000,0x00000000d5580000,0x00000000d5a00000)
  from space 1024K, 40% used [0x00000000d5c80000,0x00000000d5ce8000,0x00000000d5d80000)
  to   space 512K, 0% used [0x00000000d5e00000,0x00000000d5e00000,0x00000000d5e80000)
 ParOldGen       total 80384K, used 80372K [0x0000000080000000, 0x0000000084e80000, 0x00000000d5580000)
  object space 80384K, 99% used [0x0000000080000000,0x0000000084e7d1d0,0x0000000084e80000)
 Metaspace       used 57271K, committed 58560K, reserved 1114112K
  class space    used 6701K, committed 7232K, reserved 1048576K
}

