# JRE version: OpenJDK Runtime Environment Temurin-21.0.8+9 (21.0.8+9) (build 21.0.8+9-LTS)
# Java VM: OpenJDK 64-Bit Server VM Temurin-21.0.8+9 (21.0.8+9-LTS, mixed mode, sharing, tiered, compressed oops, compressed class ptrs, parallel gc, windows-amd64)
GC Precious Log:
 CardTable entry size: 512
 CPUs: 12 total, 12 available
 Memory: 7528M
 Large Page Support: Disabled
 NUMA Support: Disabled
 Compressed Oops: Enabled (32-bit)
 Alignments: Space 512K, Generation 512K, Heap 2M
 Heap Min Capacity: 100M
 Heap Initial Capacity: 100M
 Heap Max Capacity: 2G
 Pre-touch: Disabled
 Parallel Workers: 10
Heap:
 PSYoungGen      total 5120K, used 3765K [0x00000000d5580000, 0x00000000d5c00000, 0x0000000100000000)
  eden space 4608K, 78% used [0x00000000d5580000,0x00000000d5905620,0x00000000d5a00000)
  from space 512K, 31% used [0x00000000d5b80000,0x00000000d5ba8000,0x00000000d5c00000)
  to   space 512K, 0% used [0x00000000d5b00000,0x00000000d5b00000,0x00000000d5b80000)
 ParOldGen       total 76288K, used 71483K [0x0000000080000000, 0x0000000084a80000, 0x00000000d5580000)
  object space 76288K, 93% used [0x0000000080000000,0x00000000845cec28,0x0000000084a80000)
 Metaspace       used 62245K, committed 63552K, reserved 1114112K
  class space    used 7210K, committed 7744K, reserved 1048576K
GC Heap History (20 events):
Event: 24.862 GC heap before
{Heap before GC invocations=104 (full 3):
 PSYoungGen      total 5120K, used 4896K [0x00000000d5580000, 0x00000000d5c80000, 0x0000000100000000)
  eden space 4608K, 100% used [0x00000000d5580000,0x00000000d5a00000,0x00000000d5a00000)
  from space 512K, 56% used [0x00000000d5c00000,0x00000000d5c48000,0x00000000d5c80000)
  to   space 512K, 0% used [0x00000000d5b80000,0x00000000d5b80000,0x00000000d5c00000)
 ParOldGen       total 76288K, used 69674K [0x0000000080000000, 0x0000000084a80000, 0x00000000d5580000)
  object space 76288K, 91% used [0x0000000080000000,0x000000008440a878,0x0000000084a80000)
 Metaspace       used 60745K, committed 62080K, reserved 1114112K
  class space    used 7064K, committed 7616K, reserved 1048576K
}
Event: 24.864 GC heap after
{Heap after GC invocations=104 (full 3):
 PSYoungGen      total 5120K, used 352K [0x00000000d5580000, 0x00000000d5c80000, 0x0000000100000000)
  eden space 4608K, 0% used [0x00000000d5580000,0x00000000d5580000,0x00000000d5a00000)
  from space 512K, 68% used [0x00000000d5b80000,0x00000000d5bd8010,0x00000000d5c00000)
  to   space 512K, 0% used [0x00000000d5c00000,0x00000000d5c00000,0x00000000d5c80000)
 ParOldGen       total 76288K, used 69762K [0x0000000080000000, 0x0000000084a80000, 0x00000000d5580000)
  object space 76288K, 91% used [0x0000000080000000,0x0000000084420878,0x0000000084a80000)
 Metaspace       used 60745K, committed 62080K, reserved 1114112K
  class space    used 7064K, committed 7616K, reserved 1048576K
}
Event: 25.085 GC heap before
{Heap before GC invocations=105 (full 3):
 PSYoungGen      total 5120K, used 4957K [0x00000000d5580000, 0x00000000d5c80000, 0x0000000100000000)
  eden space 4608K, 99% used [0x00000000d5580000,0x00000000d59ff748,0x00000000d5a00000)
  from space 512K, 68% used [0x00000000d5b80000,0x00000000d5bd8010,0x00000000d5c00000)
  to   space 512K, 0% used [0x00000000d5c00000,0x00000000d5c00000,0x00000000d5c80000)
 ParOldGen       total 76288K, used 69762K [0x0000000080000000, 0x0000000084a80000, 0x00000000d5580000)
  object space 76288K, 91% used [0x0000000080000000,0x0000000084420878,0x0000000084a80000)
 Metaspace       used 61302K, committed 62592K, reserved 1114112K
  class space    used 7128K, committed 7680K, reserved 1048576K
}
Event: 25.088 GC heap after
{Heap after GC invocations=105 (full 3):
 PSYoungGen      total 5120K, used 352K [0x00000000d5580000, 0x00000000d5c80000, 0x0000000100000000)
  eden space 4608K, 0% used [0x00000000d5580000,0x00000000d5580000,0x00000000d5a00000)
  from space 512K, 68% used [0x00000000d5c00000,0x00000000d5c58000,0x00000000d5c80000)
  to   space 512K, 0% used [0x00000000d5b80000,0x00000000d5b80000,0x00000000d5c00000)
 ParOldGen       total 76288K, used 69874K [0x0000000080000000, 0x0000000084a80000, 0x00000000d5580000)
  object space 76288K, 91% used [0x0000000080000000,0x000000008443c878,0x0000000084a80000)
 Metaspace       used 61302K, committed 62592K, reserved 1114112K
  class space    used 7128K, committed 7680K, reserved 1048576K
}
Event: 25.117 GC heap before
{Heap before GC invocations=106 (full 3):
 PSYoungGen      total 5120K, used 4957K [0x00000000d5580000, 0x00000000d5c80000, 0x0000000100000000)
  eden space 4608K, 99% used [0x00000000d5580000,0x00000000d59ff4f0,0x00000000d5a00000)
  from space 512K, 68% used [0x00000000d5c00000,0x00000000d5c58000,0x00000000d5c80000)
  to   space 512K, 0% used [0x00000000d5b80000,0x00000000d5b80000,0x00000000d5c00000)
 ParOldGen       total 76288K, used 69874K [0x0000000080000000, 0x0000000084a80000, 0x00000000d5580000)
  object space 76288K, 91% used [0x0000000080000000,0x000000008443c878,0x0000000084a80000)
 Metaspace       used 61315K, committed 62656K, reserved 1114112K
  class space    used 7128K, committed 7680K, reserved 1048576K
}
Event: 25.121 GC heap after
{Heap after GC invocations=106 (full 3):
 PSYoungGen      total 5120K, used 481K [0x00000000d5580000, 0x00000000d5e00000, 0x0000000100000000)
  eden space 4608K, 0% used [0x00000000d5580000,0x00000000d5580000,0x00000000d5a00000)
  from space 512K, 94% used [0x00000000d5b80000,0x00000000d5bf85d0,0x00000000d5c00000)
  to   space 2048K, 0% used [0x00000000d5c00000,0x00000000d5c00000,0x00000000d5e00000)
 ParOldGen       total 76288K, used 71003K [0x0000000080000000, 0x0000000084a80000, 0x00000000d5580000)
  object space 76288K, 93% used [0x0000000080000000,0x0000000084556c28,0x0000000084a80000)
 Metaspace       used 61315K, committed 62656K, reserved 1114112K
  class space    used 7128K, committed 7680K, reserved 1048576K
}
Event: 25.151 GC heap before
{Heap before GC invocations=107 (full 3):
 PSYoungGen      total 5120K, used 5066K [0x00000000d5580000, 0x00000000d5e00000, 0x0000000100000000)
  eden space 4608K, 99% used [0x00000000d5580000,0x00000000d59fa4e8,0x00000000d5a00000)
  from space 512K, 94% used [0x00000000d5b80000,0x00000000d5bf85d0,0x00000000d5c00000)
  to   space 2048K, 0% used [0x00000000d5c00000,0x00000000d5c00000,0x00000000d5e00000)
 ParOldGen       total 76288K, used 71003K [0x0000000080000000, 0x0000000084a80000, 0x00000000d5580000)
  object space 76288K, 93% used [0x0000000080000000,0x0000000084556c28,0x0000000084a80000)
 Metaspace       used 61322K, committed 62656K, reserved 1114112K
  class space    used 7128K, committed 7680K, reserved 1048576K
}
Event: 25.155 GC heap after
{Heap after GC invocations=107 (full 3):
 PSYoungGen      total 6144K, used 1297K [0x00000000d5580000, 0x00000000d5d80000, 0x0000000100000000)
  eden space 4608K, 0% used [0x00000000d5580000,0x00000000d5580000,0x00000000d5a00000)
  from space 1536K, 84% used [0x00000000d5c00000,0x00000000d5d447b8,0x00000000d5d80000)
  to   space 1536K, 0% used [0x00000000d5a80000,0x00000000d5a80000,0x00000000d5c00000)
 ParOldGen       total 76288K, used 71019K [0x0000000080000000, 0x0000000084a80000, 0x00000000d5580000)
  object space 76288K, 93% used [0x0000000080000000,0x000000008455ac28,0x0000000084a80000)
 Metaspace       used 61322K, committed 62656K, reserved 1114112K
  class space    used 7128K, committed 7680K, reserved 1048576K
}
Event: 25.184 GC heap before
{Heap before GC invocations=108 (full 3):
 PSYoungGen      total 6144K, used 5898K [0x00000000d5580000, 0x00000000d5d80000, 0x0000000100000000)
  eden space 4608K, 99% used [0x00000000d5580000,0x00000000d59fe238,0x00000000d5a00000)
  from space 1536K, 84% used [0x00000000d5c00000,0x00000000d5d447b8,0x00000000d5d80000)
  to   space 1536K, 0% used [0x00000000d5a80000,0x00000000d5a80000,0x00000000d5c00000)
 ParOldGen       total 76288K, used 71019K [0x0000000080000000, 0x0000000084a80000, 0x00000000d5580000)
  object space 76288K, 93% used [0x0000000080000000,0x000000008455ac28,0x0000000084a80000)
 Metaspace       used 61328K, committed 62656K, reserved 1114112K
  class space    used 7128K, committed 7680K, reserved 1048576K
}
Event: 25.188 GC heap after
{Heap after GC invocations=108 (full 3):
 PSYoungGen      total 5632K, used 684K [0x00000000d5580000, 0x00000000d5c80000, 0x0000000100000000)
  eden space 4608K, 0% used [0x00000000d5580000,0x00000000d5580000,0x00000000d5a00000)
  from space 1024K, 66% used [0x00000000d5a80000,0x00000000d5b2b0c8,0x00000000d5b80000)
  to   space 1024K, 0% used [0x00000000d5b80000,0x00000000d5b80000,0x00000000d5c80000)
 ParOldGen       total 76288K, used 71035K [0x0000000080000000, 0x0000000084a80000, 0x00000000d5580000)
  object space 76288K, 93% used [0x0000000080000000,0x000000008455ec28,0x0000000084a80000)
 Metaspace       used 61328K, committed 62656K, reserved 1114112K
  class space    used 7128K, committed 7680K, reserved 1048576K
}
Event: 25.225 GC heap before
{Heap before GC invocations=109 (full 3):
 PSYoungGen      total 5632K, used 5292K [0x00000000d5580000, 0x00000000d5c80000, 0x0000000100000000)
  eden space 4608K, 100% used [0x00000000d5580000,0x00000000d5a00000,0x00000000d5a00000)
  from space 1024K, 66% used [0x00000000d5a80000,0x00000000d5b2b0c8,0x00000000d5b80000)
  to   space 1024K, 0% used [0x00000000d5b80000,0x00000000d5b80000,0x00000000d5c80000)
 ParOldGen       total 76288K, used 71035K [0x0000000080000000, 0x0000000084a80000, 0x00000000d5580000)
  object space 76288K, 93% used [0x0000000080000000,0x000000008455ec28,0x0000000084a80000)
 Metaspace       used 61329K, committed 62656K, reserved 1114112K
  class space    used 7128K, committed 7680K, reserved 1048576K
}
Event: 25.228 GC heap after
{Heap after GC invocations=109 (full 3):
 PSYoungGen      total 5632K, used 1015K [0x00000000d5580000, 0x00000000d5d00000, 0x0000000100000000)
  eden space 4608K, 0% used [0x00000000d5580000,0x00000000d5580000,0x00000000d5a00000)
  from space 1024K, 99% used [0x00000000d5b80000,0x00000000d5c7ddb0,0x00000000d5c80000)
  to   space 1536K, 0% used [0x00000000d5a00000,0x00000000d5a00000,0x00000000d5b80000)
 ParOldGen       total 76288K, used 71211K [0x0000000080000000, 0x0000000084a80000, 0x00000000d5580000)
  object space 76288K, 93% used [0x0000000080000000,0x000000008458ac28,0x0000000084a80000)
 Metaspace       used 61329K, committed 62656K, reserved 1114112K
  class space    used 7128K, committed 7680K, reserved 1048576K
}
Event: 25.258 GC heap before
{Heap before GC invocations=110 (full 3):
 PSYoungGen      total 5632K, used 5623K [0x00000000d5580000, 0x00000000d5d00000, 0x0000000100000000)
  eden space 4608K, 100% used [0x00000000d5580000,0x00000000d5a00000,0x00000000d5a00000)
  from space 1024K, 99% used [0x00000000d5b80000,0x00000000d5c7ddb0,0x00000000d5c80000)
  to   space 1536K, 0% used [0x00000000d5a00000,0x00000000d5a00000,0x00000000d5b80000)
 ParOldGen       total 76288K, used 71211K [0x0000000080000000, 0x0000000084a80000, 0x00000000d5580000)
  object space 76288K, 93% used [0x0000000080000000,0x000000008458ac28,0x0000000084a80000)
 Metaspace       used 61330K, committed 62656K, reserved 1114112K
  class space    used 7128K, committed 7680K, reserved 1048576K
}
Event: 25.262 GC heap after
{Heap after GC invocations=110 (full 3):
 PSYoungGen      total 6144K, used 1027K [0x00000000d5580000, 0x00000000d5d00000, 0x0000000100000000)
  eden space 4608K, 0% used [0x00000000d5580000,0x00000000d5580000,0x00000000d5a00000)
  from space 1536K, 66% used [0x00000000d5a00000,0x00000000d5b00cf0,0x00000000d5b80000)
  to   space 1536K, 0% used [0x00000000d5b80000,0x00000000d5b80000,0x00000000d5d00000)
 ParOldGen       total 76288K, used 71371K [0x0000000080000000, 0x0000000084a80000, 0x00000000d5580000)
  object space 76288K, 93% used [0x0000000080000000,0x00000000845b2c28,0x0000000084a80000)
 Metaspace       used 61330K, committed 62656K, reserved 1114112K
  class space    used 7128K, committed 7680K, reserved 1048576K
}
Event: 25.283 GC heap before
{Heap before GC invocations=111 (full 3):
 PSYoungGen      total 6144K, used 5593K [0x00000000d5580000, 0x00000000d5d00000, 0x0000000100000000)
  eden space 4608K, 99% used [0x00000000d5580000,0x00000000d59f5818,0x00000000d5a00000)
  from space 1536K, 66% used [0x00000000d5a00000,0x00000000d5b00cf0,0x00000000d5b80000)
  to   space 1536K, 0% used [0x00000000d5b80000,0x00000000d5b80000,0x00000000d5d00000)
 ParOldGen       total 76288K, used 71371K [0x0000000080000000, 0x0000000084a80000, 0x00000000d5580000)
  object space 76288K, 93% used [0x0000000080000000,0x00000000845b2c28,0x0000000084a80000)
 Metaspace       used 61330K, committed 62656K, reserved 1114112K
  class space    used 7128K, committed 7680K, reserved 1048576K
}
Event: 25.285 GC heap after
{Heap after GC invocations=111 (full 3):
 PSYoungGen      total 5632K, used 692K [0x00000000d5580000, 0x00000000d5c80000, 0x0000000100000000)
  eden space 4608K, 0% used [0x00000000d5580000,0x00000000d5580000,0x00000000d5a00000)
  from space 1024K, 67% used [0x00000000d5b80000,0x00000000d5c2d268,0x00000000d5c80000)
  to   space 1024K, 0% used [0x00000000d5a80000,0x00000000d5a80000,0x00000000d5b80000)
 ParOldGen       total 76288K, used 71379K [0x0000000080000000, 0x0000000084a80000, 0x00000000d5580000)
  object space 76288K, 93% used [0x0000000080000000,0x00000000845b4c28,0x0000000084a80000)
 Metaspace       used 61330K, committed 62656K, reserved 1114112K
  class space    used 7128K, committed 7680K, reserved 1048576K
}
Event: 25.301 GC heap before
{Heap before GC invocations=112 (full 3):
 PSYoungGen      total 5632K, used 5202K [0x00000000d5580000, 0x00000000d5c80000, 0x0000000100000000)
  eden space 4608K, 97% used [0x00000000d5580000,0x00000000d59e7768,0x00000000d5a00000)
  from space 1024K, 67% used [0x00000000d5b80000,0x00000000d5c2d268,0x00000000d5c80000)
  to   space 1024K, 0% used [0x00000000d5a80000,0x00000000d5a80000,0x00000000d5b80000)
 ParOldGen       total 76288K, used 71379K [0x0000000080000000, 0x0000000084a80000, 0x00000000d5580000)
  object space 76288K, 93% used [0x0000000080000000,0x00000000845b4c28,0x0000000084a80000)
 Metaspace       used 61331K, committed 62656K, reserved 1114112K
  class space    used 7128K, committed 7680K, reserved 1048576K
}
Event: 25.302 GC heap after
{Heap after GC invocations=112 (full 3):
 PSYoungGen      total 5632K, used 1008K [0x00000000d5580000, 0x00000000d5d00000, 0x0000000100000000)
  eden space 4608K, 0% used [0x00000000d5580000,0x00000000d5580000,0x00000000d5a00000)
  from space 1024K, 98% used [0x00000000d5a80000,0x00000000d5b7c0a0,0x00000000d5b80000)
  to   space 1536K, 0% used [0x00000000d5b80000,0x00000000d5b80000,0x00000000d5d00000)
 ParOldGen       total 76288K, used 71419K [0x0000000080000000, 0x0000000084a80000, 0x00000000d5580000)
  object space 76288K, 93% used [0x0000000080000000,0x00000000845bec28,0x0000000084a80000)
 Metaspace       used 61331K, committed 62656K, reserved 1114112K
  class space    used 7128K, committed 7680K, reserved 1048576K
}
Event: 25.352 GC heap before
{Heap before GC invocations=113 (full 3):
 PSYoungGen      total 5632K, used 5616K [0x00000000d5580000, 0x00000000d5d00000, 0x0000000100000000)
  eden space 4608K, 100% used [0x00000000d5580000,0x00000000d5a00000,0x00000000d5a00000)
  from space 1024K, 98% used [0x00000000d5a80000,0x00000000d5b7c0a0,0x00000000d5b80000)
  to   space 1536K, 0% used [0x00000000d5b80000,0x00000000d5b80000,0x00000000d5d00000)
 ParOldGen       total 76288K, used 71419K [0x0000000080000000, 0x0000000084a80000, 0x00000000d5580000)
  object space 76288K, 93% used [0x0000000080000000,0x00000000845bec28,0x0000000084a80000)
 Metaspace       used 61631K, committed 62912K, reserved 1114112K
  class space    used 7148K, committed 7680K, reserved 1048576K
}
Event: 25.354 GC heap after
{Heap after GC invocations=113 (full 3):
 PSYoungGen      total 5120K, used 160K [0x00000000d5580000, 0x00000000d5c00000, 0x0000000100000000)
  eden space 4608K, 0% used [0x00000000d5580000,0x00000000d5580000,0x00000000d5a00000)
  from space 512K, 31% used [0x00000000d5b80000,0x00000000d5ba8000,0x00000000d5c00000)
  to   space 512K, 0% used [0x00000000d5b00000,0x00000000d5b00000,0x00000000d5b80000)
 ParOldGen       total 76288K, used 71483K [0x0000000080000000, 0x0000000084a80000, 0x00000000d5580000)
  object space 76288K, 93% used [0x0000000080000000,0x00000000845cec28,0x0000000084a80000)
 Metaspace       used 61631K, committed 62912K, reserved 1114112K
  class space    used 7148K, committed 7680K, reserved 1048576K
}

